millisec, event-type, event-code, event-value
34, 4, 4, 458792
34, 1, 28, 0
34, 0, 0, 0
816, 4, 4, 458756
816, 1, 30, 1
816, 0, 0, 0
907, 4, 4, 458756
907, 1, 30, 0
907, 0, 0, 0
1082, 4, 4, 458757
1082, 1, 48, 1
1082, 0, 0, 0
1192, 4, 4, 458757
1192, 1, 48, 0
1192, 0, 0, 0
1378, 4, 4, 458758
1378, 1, 46, 1
1378, 0, 0, 0
1463, 4, 4, 458758
1463, 1, 46, 0
1463, 0, 0, 0
1628, 4, 4, 458759
1628, 1, 32, 1
1628, 0, 0, 0
1708, 4, 4, 458759
1708, 1, 32, 0
1708, 0, 0, 0
1899, 4, 4, 458760
1899, 1, 18, 1
1899, 0, 0, 0
2004, 4, 4, 458760
2004, 1, 18, 0
2004, 0, 0, 0
2440, 4, 4, 458761
2440, 1, 33, 1
2440, 0, 0, 0
2525, 4, 4, 458761
2525, 1, 33, 0
2525, 0, 0, 0
3884, 4, 4, 458762
3884, 1, 34, 1
3884, 0, 0, 0
3954, 4, 4, 458762
3954, 1, 34, 0
3954, 0, 0, 0
4290, 4, 4, 458763
4290, 1, 35, 1
4290, 0, 0, 0
4370, 4, 4, 458763
4370, 1, 35, 0
4370, 0, 0, 0
4711, 4, 4, 458764
4711, 1, 23, 1
4711, 0, 0, 0
4791, 4, 4, 458764
4791, 1, 23, 0
4791, 0, 0, 0
4996, 4, 4, 458765
4996, 1, 36, 1
4996, 0, 0, 0
5066, 4, 4, 458765
5066, 1, 36, 0
5066, 0, 0, 0
5548, 4, 4, 458766
5548, 1, 37, 1
5548, 0, 0, 0
5623, 4, 4, 458766
5623, 1, 37, 0
5623, 0, 0, 0
5828, 4, 4, 458767
5828, 1, 38, 1
5828, 0, 0, 0
5923, 4, 4, 458767
5923, 1, 38, 0
5923, 0, 0, 0
6089, 4, 4, 458768
6089, 1, 50, 1
6089, 0, 0, 0
6169, 4, 4, 458768
6169, 1, 50, 0
6169, 0, 0, 0
6324, 4, 4, 458769
6324, 1, 49, 1
6324, 0, 0, 0
6400, 4, 4, 458769
6400, 1, 49, 0
6400, 0, 0, 0
6570, 4, 4, 458770
6570, 1, 24, 1
6570, 0, 0, 0
6670, 4, 4, 458770
6670, 1, 24, 0
6670, 0, 0, 0
6846, 4, 4, 458771
6846, 1, 25, 1
6846, 0, 0, 0
6956, 4, 4, 458771
6956, 1, 25, 0
6956, 0, 0, 0
7272, 4, 4, 458772
7272, 1, 16, 1
7272, 0, 0, 0
7372, 4, 4, 458772
7372, 1, 16, 0
7372, 0, 0, 0
7633, 4, 4, 458773
7633, 1, 19, 1
7633, 0, 0, 0
7723, 4, 4, 458773
7723, 1, 19, 0
7723, 0, 0, 0
7868, 4, 4, 458774
7868, 1, 31, 1
7868, 0, 0, 0
7983, 4, 4, 458774
7983, 1, 31, 0
7983, 0, 0, 0
8119, 4, 4, 458775
8119, 1, 20, 1
8119, 0, 0, 0
8205, 4, 4, 458775
8205, 1, 20, 0
8205, 0, 0, 0
8364, 4, 4, 458776
8364, 1, 22, 1
8364, 0, 0, 0
8424, 4, 4, 458776
8424, 1, 22, 0
8424, 0, 0, 0
8685, 4, 4, 458777
8685, 1, 47, 1
8685, 0, 0, 0
8775, 4, 4, 458777
8775, 1, 47, 0
8775, 0, 0, 0
8976, 4, 4, 458778
8976, 1, 17, 1
8976, 0, 0, 0
9076, 4, 4, 458778
9076, 1, 17, 0
9076, 0, 0, 0
9267, 4, 4, 458779
9267, 1, 45, 1
9267, 0, 0, 0
9357, 4, 4, 458779
9357, 1, 45, 0
9357, 0, 0, 0
9562, 4, 4, 458780
9562, 1, 21, 1
9562, 0, 0, 0
9627, 4, 4, 458780
9627, 1, 21, 0
9627, 0, 0, 0
9838, 4, 4, 458781
9838, 1, 44, 1
9838, 0, 0, 0
9973, 4, 4, 458781
9973, 1, 44, 0
9973, 0, 0, 0
11622, 4, 4, 458782
11622, 1, 2, 1
11622, 0, 0, 0
11712, 4, 4, 458782
11712, 1, 2, 0
11712, 0, 0, 0
11878, 4, 4, 458783
11878, 1, 3, 1
11878, 0, 0, 0
11958, 4, 4, 458783
11958, 1, 3, 0
11958, 0, 0, 0
12108, 4, 4, 458784
12108, 1, 4, 1
12108, 0, 0, 0
12193, 4, 4, 458784
12193, 1, 4, 0
12193, 0, 0, 0
12429, 4, 4, 458785
12429, 1, 5, 1
12429, 0, 0, 0
12515, 4, 4, 458785
12515, 1, 5, 0
12515, 0, 0, 0
12780, 4, 4, 458786
12780, 1, 6, 1
12780, 0, 0, 0
12885, 4, 4, 458786
12885, 1, 6, 0
12885, 0, 0, 0
13111, 4, 4, 458787
13111, 1, 7, 1
13111, 0, 0, 0
13191, 4, 4, 458787
13191, 1, 7, 0
13191, 0, 0, 0
13422, 4, 4, 458788
13422, 1, 8, 1
13422, 0, 0, 0
13507, 4, 4, 458788
13507, 1, 8, 0
13507, 0, 0, 0
13757, 4, 4, 458789
13757, 1, 9, 1
13757, 0, 0, 0
13822, 4, 4, 458789
13822, 1, 9, 0
13822, 0, 0, 0
14073, 4, 4, 458790
14073, 1, 10, 1
14073, 0, 0, 0
14128, 4, 4, 458790
14128, 1, 10, 0
14128, 0, 0, 0
17051, 4, 4, 458792
17051, 1, 28, 1
17051, 0, 0, 0
17115, 4, 4, 458792
17115, 1, 28, 0
17115, 0, 0, 0
17397, 4, 4, 458809
17397, 1, 58, 1
17397, 0, 0, 0
17655, 1, 58, 2
17655, 0, 0, 1
17695, 1, 58, 2
17695, 0, 0, 1
17739, 1, 58, 2
17739, 0, 0, 1
17779, 1, 58, 2
17779, 0, 0, 1
17819, 1, 58, 2
17819, 0, 0, 1
17859, 1, 58, 2
17859, 0, 0, 1
17899, 1, 58, 2
17899, 0, 0, 1
17939, 1, 58, 2
17939, 0, 0, 1
17979, 1, 58, 2
17979, 0, 0, 1
18019, 1, 58, 2
18019, 0, 0, 1
18059, 1, 58, 2
18059, 0, 0, 1
18099, 1, 58, 2
18099, 0, 0, 1
18143, 1, 58, 2
18143, 0, 0, 1
18183, 1, 58, 2
18183, 0, 0, 1
18223, 1, 58, 2
18223, 0, 0, 1
18263, 1, 58, 2
18263, 0, 0, 1
18303, 1, 58, 2
18303, 0, 0, 1
18347, 1, 58, 2
18347, 0, 0, 1
18391, 1, 58, 2
18391, 0, 0, 1
18435, 1, 58, 2
18435, 0, 0, 1
18475, 1, 58, 2
18475, 0, 0, 1
18515, 1, 58, 2
18515, 0, 0, 1
18555, 1, 58, 2
18555, 0, 0, 1
18599, 1, 58, 2
18599, 0, 0, 1
18639, 1, 58, 2
18639, 0, 0, 1
18683, 1, 58, 2
18683, 0, 0, 1
18723, 1, 58, 2
18723, 0, 0, 1
18763, 1, 58, 2
18763, 0, 0, 1
18803, 1, 58, 2
18803, 0, 0, 1
18843, 1, 58, 2
18843, 0, 0, 1
18887, 1, 58, 2
18887, 0, 0, 1
18927, 1, 58, 2
18927, 0, 0, 1
18967, 1, 58, 2
18967, 0, 0, 1
19007, 1, 58, 2
19007, 0, 0, 1
19047, 1, 58, 2
19047, 0, 0, 1
19087, 1, 58, 2
19087, 0, 0, 1
19131, 1, 58, 2
19131, 0, 0, 1
19171, 1, 58, 2
19171, 0, 0, 1
19215, 1, 58, 2
19215, 0, 0, 1
19251, 1, 58, 2
19251, 0, 0, 1
19291, 1, 58, 2
19291, 0, 0, 1
19331, 1, 58, 2
19331, 0, 0, 1
19371, 1, 58, 2
19371, 0, 0, 1
19411, 1, 58, 2
19411, 0, 0, 1
19455, 1, 58, 2
19455, 0, 0, 1
19495, 1, 58, 2
19495, 0, 0, 1
19539, 1, 58, 2
19539, 0, 0, 1
19579, 1, 58, 2
19579, 0, 0, 1
19623, 1, 58, 2
19623, 0, 0, 1
19663, 1, 58, 2
19663, 0, 0, 1
19703, 1, 58, 2
19703, 0, 0, 1
19747, 1, 58, 2
19747, 0, 0, 1
19791, 1, 58, 2
19791, 0, 0, 1
19831, 1, 58, 2
19831, 0, 0, 1
19871, 1, 58, 2
19871, 0, 0, 1
19911, 1, 58, 2
19911, 0, 0, 1
19951, 1, 58, 2
19951, 0, 0, 1
19995, 1, 58, 2
19995, 0, 0, 1
20039, 1, 58, 2
20039, 0, 0, 1
20079, 1, 58, 2
20079, 0, 0, 1
20119, 1, 58, 2
20119, 0, 0, 1
20163, 1, 58, 2
20163, 0, 0, 1
20203, 1, 58, 2
20203, 0, 0, 1
20243, 1, 58, 2
20243, 0, 0, 1
20287, 1, 58, 2
20287, 0, 0, 1
20327, 1, 58, 2
20327, 0, 0, 1
20371, 1, 58, 2
20371, 0, 0, 1
20415, 1, 58, 2
20415, 0, 0, 1
20455, 1, 58, 2
20455, 0, 0, 1
20495, 1, 58, 2
20495, 0, 0, 1
20539, 1, 58, 2
20539, 0, 0, 1
20583, 1, 58, 2
20583, 0, 0, 1
20623, 1, 58, 2
20623, 0, 0, 1
20663, 1, 58, 2
20663, 0, 0, 1
20703, 1, 58, 2
20703, 0, 0, 1
20743, 1, 58, 2
20743, 0, 0, 1
20783, 1, 58, 2
20783, 0, 0, 1
20823, 1, 58, 2
20823, 0, 0, 1
20863, 1, 58, 2
20863, 0, 0, 1
20907, 1, 58, 2
20907, 0, 0, 1
20947, 1, 58, 2
20947, 0, 0, 1
20987, 1, 58, 2
20987, 0, 0, 1
21031, 1, 58, 2
21031, 0, 0, 1
21075, 1, 58, 2
21075, 0, 0, 1
21115, 1, 58, 2
21115, 0, 0, 1
21159, 1, 58, 2
21159, 0, 0, 1
21203, 1, 58, 2
21203, 0, 0, 1
21243, 1, 58, 2
21243, 0, 0, 1
21283, 1, 58, 2
21283, 0, 0, 1
21323, 1, 58, 2
21323, 0, 0, 1
21367, 1, 58, 2
21367, 0, 0, 1
21411, 1, 58, 2
21411, 0, 0, 1
21455, 1, 58, 2
21455, 0, 0, 1
21495, 1, 58, 2
21495, 0, 0, 1
21539, 1, 58, 2
21539, 0, 0, 1
21583, 1, 58, 2
21583, 0, 0, 1
21623, 1, 58, 2
21623, 0, 0, 1
21663, 1, 58, 2
21663, 0, 0, 1
21707, 1, 58, 2
21707, 0, 0, 1
21747, 1, 58, 2
21747, 0, 0, 1
21787, 1, 58, 2
21787, 0, 0, 1
21831, 1, 58, 2
21831, 0, 0, 1
21875, 1, 58, 2
21875, 0, 0, 1
21915, 1, 58, 2
21915, 0, 0, 1
21959, 1, 58, 2
21959, 0, 0, 1
21999, 1, 58, 2
21999, 0, 0, 1
22039, 1, 58, 2
22039, 0, 0, 1
22079, 1, 58, 2
22079, 0, 0, 1
22123, 1, 58, 2
22123, 0, 0, 1
22163, 1, 58, 2
22163, 0, 0, 1
22203, 1, 58, 2
22203, 0, 0, 1
22243, 1, 58, 2
22243, 0, 0, 1
22287, 1, 58, 2
22287, 0, 0, 1
22331, 1, 58, 2
22331, 0, 0, 1
22375, 1, 58, 2
22375, 0, 0, 1
22415, 1, 58, 2
22415, 0, 0, 1
22455, 1, 58, 2
22455, 0, 0, 1
22495, 1, 58, 2
22495, 0, 0, 1
22535, 1, 58, 2
22535, 0, 0, 1
22579, 1, 58, 2
22579, 0, 0, 1
22619, 1, 58, 2
22619, 0, 0, 1
22663, 1, 58, 2
22663, 0, 0, 1
22703, 1, 58, 2
22703, 0, 0, 1
22747, 1, 58, 2
22747, 0, 0, 1
22787, 1, 58, 2
22787, 0, 0, 1
22827, 1, 58, 2
22827, 0, 0, 1
22871, 1, 58, 2
22871, 0, 0, 1
22911, 1, 58, 2
22911, 0, 0, 1
22955, 1, 58, 2
22955, 0, 0, 1
22995, 1, 58, 2
22995, 0, 0, 1
23035, 1, 58, 2
23035, 0, 0, 1
23079, 1, 58, 2
23079, 0, 0, 1
23123, 1, 58, 2
23123, 0, 0, 1
23163, 1, 58, 2
23163, 0, 0, 1
23203, 1, 58, 2
23203, 0, 0, 1
23247, 1, 58, 2
23247, 0, 0, 1
23287, 1, 58, 2
23287, 0, 0, 1
23327, 1, 58, 2
23327, 0, 0, 1
23371, 1, 58, 2
23371, 0, 0, 1
23415, 1, 58, 2
23415, 0, 0, 1
23455, 1, 58, 2
23455, 0, 0, 1
23495, 1, 58, 2
23495, 0, 0, 1
23535, 1, 58, 2
23535, 0, 0, 1
23579, 1, 58, 2
23579, 0, 0, 1
23619, 1, 58, 2
23619, 0, 0, 1
23659, 1, 58, 2
23659, 0, 0, 1
23703, 1, 58, 2
23703, 0, 0, 1
23743, 1, 58, 2
23743, 0, 0, 1
23783, 1, 58, 2
23783, 0, 0, 1
23823, 1, 58, 2
23823, 0, 0, 1
23863, 1, 58, 2
23863, 0, 0, 1
23907, 1, 58, 2
23907, 0, 0, 1
23951, 1, 58, 2
23951, 0, 0, 1
23988, 4, 4, 458758
23988, 1, 46, 1
23988, 0, 0, 0
