millisec, event-type, event-code, event-value
1809, 2, 0, 1
1809, 0, 0, 0
1825, 2, 0, 1
1825, 0, 0, 0
1833, 2, 0, 2
1833, 2, 1, -1
1833, 0, 0, 0
1841, 2, 0, 4
1841, 2, 1, -1
1841, 0, 0, 0
1849, 2, 0, 3
1849, 0, 0, 0
1857, 2, 0, 8
1857, 0, 0, 0
1865, 2, 0, 9
1865, 0, 0, 0
1873, 2, 0, 10
1873, 0, 0, 0
1881, 2, 0, 13
1881, 0, 0, 0
1889, 2, 0, 14
1889, 0, 0, 0
1897, 2, 0, 16
1897, 0, 0, 0
1905, 2, 0, 18
1905, 0, 0, 0
1913, 2, 0, 19
1913, 0, 0, 0
1921, 2, 0, 21
1921, 0, 0, 0
1929, 2, 0, 25
1929, 0, 0, 0
1937, 2, 0, 28
1937, 0, 0, 0
1945, 2, 0, 27
1945, 0, 0, 0
1953, 2, 0, 27
1953, 0, 0, 0
1961, 2, 0, 30
1961, 2, 1, 1
1961, 0, 0, 0
1969, 2, 0, 35
1969, 2, 1, 1
1969, 0, 0, 0
1977, 2, 0, 41
1977, 2, 1, 2
1977, 0, 0, 0
1985, 2, 0, 43
1985, 2, 1, 5
1985, 0, 0, 0
1993, 2, 0, 41
1993, 2, 1, 9
1993, 0, 0, 0
2001, 2, 0, 41
2001, 2, 1, 8
2001, 0, 0, 0
2009, 2, 0, 42
2009, 2, 1, 2
2009, 0, 0, 0
2017, 2, 0, 42
2017, 0, 0, 0
2025, 2, 0, 41
2025, 0, 0, 0
2033, 2, 0, 41
2033, 0, 0, 0
2041, 2, 0, 41
2041, 0, 0, 0
2049, 2, 0, 40
2049, 0, 0, 0
2057, 2, 0, 40
2057, 0, 0, 0
2065, 2, 0, 39
2065, 0, 0, 0
2073, 2, 0, 35
2073, 0, 0, 0
2081, 2, 0, 32
2081, 2, 1, -2
2081, 0, 0, 0
2089, 2, 0, 31
2089, 2, 1, -2
2089, 0, 0, 0
2097, 2, 0, 29
2097, 0, 0, 0
2105, 2, 0, 27
2105, 2, 1, -1
2105, 0, 0, 0
2113, 2, 0, 27
2113, 2, 1, -3
2113, 0, 0, 0
2121, 2, 0, 28
2121, 2, 1, -4
2121, 0, 0, 0
2129, 2, 0, 27
2129, 2, 1, -6
2129, 0, 0, 0
2137, 2, 0, 22
2137, 2, 1, -5
2137, 0, 0, 0
2145, 2, 0, 19
2145, 2, 1, -1
2145, 0, 0, 0
2153, 2, 0, 19
2153, 0, 0, 0
2161, 2, 0, 16
2161, 0, 0, 0
2169, 2, 0, 15
2169, 0, 0, 0
2177, 2, 0, 13
2177, 2, 1, -1
2177, 0, 0, 0
2185, 2, 0, 9
2185, 2, 1, -2
2185, 0, 0, 0
2193, 2, 0, 7
2193, 2, 1, -2
2193, 0, 0, 0
2201, 2, 0, 5
2201, 2, 1, -1
2201, 0, 0, 0
2209, 2, 0, 1
2209, 0, 0, 0
2217, 2, 0, 1
2217, 0, 0, 0
2225, 2, 0, 2
2225, 2, 1, 1
2225, 0, 0, 0
2233, 2, 0, 4
2233, 2, 1, 1
2233, 0, 0, 0
2241, 2, 0, 1
2241, 2, 1, 1
2241, 0, 0, 0
2249, 2, 1, 1
2249, 0, 0, 0
2257, 2, 0, 1
2257, 2, 1, 1
2257, 0, 0, 0
2273, 2, 1, 1
2273, 0, 0, 0
2329, 2, 0, -1
2329, 0, 0, 0
2457, 2, 0, -1
2457, 0, 0, 0
2481, 2, 0, -1
2481, 0, 0, 0
2489, 2, 0, -1
2489, 0, 0, 0
2681, 4, 4, 589825
2681, 1, 272, 1
2681, 0, 0, 0
2897, 4, 4, 589825
2897, 1, 272, 0
2897, 0, 0, 0
3065, 4, 4, 589825
3065, 1, 272, 1
3065, 0, 0, 0
3129, 2, 1, 1
3129, 0, 0, 0
3137, 2, 0, -1
3137, 0, 0, 0
3257, 4, 4, 589825
3257, 1, 272, 0
3257, 0, 0, 0
3481, 4, 4, 589825
3481, 1, 272, 1
3481, 0, 0, 0
3657, 4, 4, 589825
3657, 1, 272, 0
3657, 0, 0, 0
3841, 4, 4, 589825
3841, 1, 272, 1
3841, 0, 0, 0
4017, 4, 4, 589825
4017, 1, 272, 0
4017, 0, 0, 0
4193, 4, 4, 589825
4193, 1, 272, 1
4193, 0, 0, 0
4321, 4, 4, 589825
4321, 1, 272, 0
4321, 0, 0, 0
4969, 2, 0, 1
4969, 0, 0, 0
4977, 2, 1, -1
4977, 0, 0, 0
5089, 2, 1, 1
5089, 0, 0, 0
5193, 2, 1, 1
5193, 0, 0, 0
5201, 2, 0, -1
5201, 0, 0, 0
5209, 2, 1, 1
5209, 0, 0, 0
5217, 2, 0, -1
5217, 2, 1, 2
5217, 0, 0, 0
5225, 2, 0, -2
5225, 2, 1, 3
5225, 0, 0, 0
5233, 2, 0, -1
5233, 2, 1, 1
5233, 0, 0, 0
5241, 2, 0, -1
5241, 2, 1, 1
5241, 0, 0, 0
5249, 2, 1, 1
5249, 0, 0, 0
5257, 2, 1, 1
5257, 0, 0, 0
5265, 2, 0, -2
5265, 2, 1, 1
5265, 0, 0, 0
5273, 2, 0, -2
5273, 2, 1, 2
5273, 0, 0, 0
5281, 2, 0, -1
5281, 2, 1, 2
5281, 0, 0, 0
5289, 2, 0, -2
5289, 2, 1, 3
5289, 0, 0, 0
5297, 2, 0, -2
5297, 0, 0, 0
5305, 2, 0, -2
5305, 2, 1, 2
5305, 0, 0, 0
5313, 2, 0, -5
5313, 2, 1, 3
5313, 0, 0, 0
5321, 2, 0, -7
5321, 2, 1, 2
5321, 0, 0, 0
5329, 2, 0, -8
5329, 2, 1, 3
5329, 0, 0, 0
5337, 2, 0, -10
5337, 2, 1, 4
5337, 0, 0, 0
5345, 2, 0, -11
5345, 2, 1, 3
5345, 0, 0, 0
5353, 2, 0, -12
5353, 2, 1, 4
5353, 0, 0, 0
5361, 2, 0, -14
5361, 2, 1, 5
5361, 0, 0, 0
5369, 2, 0, -13
5369, 2, 1, 4
5369, 0, 0, 0
5377, 2, 0, -15
5377, 2, 1, 5
5377, 0, 0, 0
5385, 2, 0, -17
5385, 2, 1, 6
5385, 0, 0, 0
5393, 2, 0, -18
5393, 2, 1, 6
5393, 0, 0, 0
5401, 2, 0, -21
5401, 2, 1, 6
5401, 0, 0, 0
5409, 2, 0, -21
5409, 2, 1, 6
5409, 0, 0, 0
5417, 2, 0, -22
5417, 2, 1, 6
5417, 0, 0, 0
5425, 2, 0, -25
5425, 2, 1, 6
5425, 0, 0, 0
5433, 2, 0, -27
5433, 2, 1, 5
5433, 0, 0, 0
5441, 2, 0, -28
5441, 2, 1, 4
5441, 0, 0, 0
5449, 2, 0, -27
5449, 2, 1, 3
5449, 0, 0, 0
5457, 2, 0, -27
5457, 2, 1, 6
5457, 0, 0, 0
5465, 2, 0, -28
5465, 2, 1, 9
5465, 0, 0, 0
5473, 2, 0, -28
5473, 2, 1, 9
5473, 0, 0, 0
5481, 2, 0, -27
5481, 2, 1, 9
5481, 0, 0, 0
5489, 2, 0, -27
5489, 2, 1, 9
5489, 0, 0, 0
5497, 2, 0, -29
5497, 2, 1, 10
5497, 0, 0, 0
5505, 2, 0, -30
5505, 2, 1, 9
5505, 0, 0, 0
5513, 2, 0, -32
5513, 2, 1, 9
5513, 0, 0, 0
5521, 2, 0, -35
5521, 2, 1, 10
5521, 0, 0, 0
5529, 2, 0, -35
5529, 2, 1, 10
5529, 0, 0, 0
5537, 2, 0, -35
5537, 2, 1, 10
5537, 0, 0, 0
5545, 2, 0, -36
5545, 2, 1, 10
5545, 0, 0, 0
5553, 2, 0, -34
5553, 2, 1, 10
5553, 0, 0, 0
5561, 2, 0, -29
5561, 2, 1, 10
5561, 0, 0, 0
5569, 2, 0, -28
5569, 2, 1, 9
5569, 0, 0, 0
5577, 2, 0, -29
5577, 2, 1, 9
5577, 0, 0, 0
5585, 2, 0, -27
5585, 2, 1, 9
5585, 0, 0, 0
5593, 2, 0, -25
5593, 2, 1, 10
5593, 0, 0, 0
5601, 2, 0, -23
5601, 2, 1, 13
5601, 0, 0, 0
5609, 2, 0, -21
5609, 2, 1, 13
5609, 0, 0, 0
5617, 2, 0, -20
5617, 2, 1, 11
5617, 0, 0, 0
5625, 2, 0, -20
5625, 2, 1, 12
5625, 0, 0, 0
5633, 2, 0, -18
5633, 2, 1, 12
5633, 0, 0, 0
5641, 2, 0, -16
5641, 2, 1, 9
5641, 0, 0, 0
5649, 2, 0, -15
5649, 2, 1, 9
5649, 0, 0, 0
5657, 2, 0, -13
5657, 2, 1, 9
5657, 0, 0, 0
5665, 2, 0, -10
5665, 2, 1, 6
5665, 0, 0, 0
5673, 2, 0, -7
5673, 2, 1, 3
5673, 0, 0, 0
5681, 2, 0, -4
5681, 2, 1, 1
5681, 0, 0, 0
5721, 2, 1, -1
5721, 0, 0, 0
5745, 2, 0, 1
5745, 0, 0, 0
5753, 2, 0, 1
5753, 2, 1, -1
5753, 0, 0, 0
6393, 2, 1, 1
6393, 0, 0, 0
6401, 2, 0, -1
6401, 0, 0, 0
6409, 2, 1, 1
6409, 0, 0, 0
6417, 4, 4, 589826
6417, 1, 273, 1
6417, 2, 1, 1
6417, 0, 0, 0
6425, 2, 1, 2
6425, 0, 0, 0
6433, 2, 1, 1
6433, 0, 0, 0
6537, 4, 4, 589826
6537, 1, 273, 0
6537, 0, 0, 0
6745, 4, 4, 589826
6745, 1, 273, 1
6745, 0, 0, 0
6921, 4, 4, 589826
6921, 1, 273, 0
6921, 0, 0, 0
7105, 4, 4, 589826
7105, 1, 273, 1
7105, 0, 0, 0
7241, 4, 4, 589826
7241, 1, 273, 0
7241, 0, 0, 0
7449, 4, 4, 589826
7449, 1, 273, 1
7449, 0, 0, 0
7585, 4, 4, 589826
7585, 1, 273, 0
7585, 0, 0, 0
7785, 4, 4, 589826
7785, 1, 273, 1
7785, 0, 0, 0
7865, 2, 0, -1
7865, 0, 0, 0
7929, 4, 4, 589826
7929, 1, 273, 0
7929, 0, 0, 0
7969, 2, 0, -1
7969, 0, 0, 0
7993, 2, 0, -1
7993, 2, 1, -1
7993, 0, 0, 0
