millisec, event-type, event-code, event-value
694, 2, 0, -1
694, 0, 0, 0
699, 2, 0, -1
699, 0, 0, 0
702, 2, 0, -1
702, 0, 0, 0
704, 2, 0, -1
704, 0, 0, 0
706, 2, 0, -1
706, 2, 1, 1
706, 0, 0, 0
707, 2, 0, -1
707, 0, 0, 0
709, 2, 0, -1
709, 0, 0, 0
710, 2, 0, -1
710, 0, 0, 0
711, 2, 0, -1
711, 0, 0, 0
712, 2, 0, -1
712, 0, 0, 0
714, 2, 0, -1
714, 2, 1, 1
714, 0, 0, 0
715, 2, 0, -1
715, 0, 0, 0
716, 2, 0, -1
716, 0, 0, 0
717, 2, 0, -1
717, 0, 0, 0
719, 2, 0, -1
719, 0, 0, 0
720, 2, 0, -1
720, 0, 0, 0
721, 2, 0, -1
721, 0, 0, 0
722, 2, 0, -1
722, 0, 0, 0
723, 2, 0, -1
723, 0, 0, 0
725, 2, 0, -1
725, 0, 0, 0
726, 2, 0, -1
726, 0, 0, 0
727, 2, 0, -1
727, 0, 0, 0
729, 2, 0, -1
729, 0, 0, 0
730, 2, 0, -1
730, 0, 0, 0
731, 2, 0, -1
731, 0, 0, 0
732, 2, 0, -1
732, 0, 0, 0
734, 2, 0, -1
734, 2, 1, 1
734, 0, 0, 0
738, 2, 0, -1
738, 0, 0, 0
754, 2, 0, 1
754, 0, 0, 0
757, 2, 0, 1
757, 0, 0, 0
759, 2, 0, 1
759, 0, 0, 0
760, 2, 0, 1
760, 0, 0, 0
762, 2, 0, 1
762, 0, 0, 0
763, 2, 0, 1
763, 0, 0, 0
764, 2, 0, 1
764, 0, 0, 0
765, 2, 0, 1
765, 0, 0, 0
767, 2, 0, 2
767, 0, 0, 0
769, 2, 0, 2
769, 0, 0, 0
771, 2, 0, 2
771, 0, 0, 0
772, 2, 0, 1
772, 0, 0, 0
773, 2, 0, 2
773, 2, 1, -1
773, 0, 0, 0
774, 2, 0, 1
774, 0, 0, 0
775, 2, 0, 1
775, 0, 0, 0
776, 2, 0, 1
776, 2, 1, -1
776, 0, 0, 0
777, 2, 0, 2
777, 0, 0, 0
778, 2, 0, 1
778, 0, 0, 0
779, 2, 0, 2
779, 0, 0, 0
780, 2, 0, 1
780, 2, 1, -1
780, 0, 0, 0
781, 2, 0, 1
781, 0, 0, 0
782, 2, 0, 2
782, 0, 0, 0
783, 2, 0, 1
783, 0, 0, 0
784, 2, 0, 2
784, 2, 1, -1
784, 0, 0, 0
785, 2, 0, 1
785, 0, 0, 0
786, 2, 0, 1
786, 0, 0, 0
787, 2, 0, 2
787, 2, 1, -1
787, 0, 0, 0
788, 2, 0, 1
788, 0, 0, 0
789, 2, 0, 1
789, 0, 0, 0
790, 2, 0, 1
790, 0, 0, 0
791, 2, 0, 2
791, 0, 0, 0
792, 2, 0, 1
792, 2, 1, -1
792, 0, 0, 0
793, 2, 0, 1
793, 0, 0, 0
795, 2, 0, 2
795, 0, 0, 0
797, 2, 0, 1
797, 0, 0, 0
798, 2, 0, 1
798, 0, 0, 0
799, 2, 0, 1
799, 2, 1, -1
799, 0, 0, 0
800, 2, 0, 1
800, 0, 0, 0
802, 2, 0, 1
802, 0, 0, 0
804, 2, 0, 1
804, 0, 0, 0
805, 2, 1, -1
805, 0, 0, 0
809, 2, 0, 1
809, 0, 0, 0
1036, 4, 4, 589825
1036, 1, 272, 1
1036, 0, 0, 0
1175, 4, 4, 589825
1175, 1, 272, 0
1175, 0, 0, 0
1832, 4, 4, 589826
1832, 1, 273, 1
1832, 0, 0, 0
2028, 4, 4, 589826
2028, 1, 273, 0
2028, 0, 0, 0
4380, 4, 4, 589827
4380, 1, 274, 1
4380, 0, 0, 0
4680, 4, 4, 589827
4680, 1, 274, 0
4680, 0, 0, 0
4828, 2, 1, -1
4828, 0, 0, 0
4831, 2, 0, 1
4831, 2, 1, -1
4831, 0, 0, 0
4833, 2, 1, -1
4833, 0, 0, 0
4835, 2, 0, 1
4835, 2, 1, -1
4835, 0, 0, 0
4837, 2, 1, -1
4837, 0, 0, 0
4839, 2, 0, 1
4839, 0, 0, 0
4840, 2, 1, -1
4840, 0, 0, 0
4842, 2, 1, -1
4842, 0, 0, 0
4843, 2, 0, 1
4843, 0, 0, 0
4846, 2, 1, -1
4846, 0, 0, 0
4848, 2, 0, 1
4848, 0, 0, 0
4850, 2, 1, -1
4850, 0, 0, 0
4853, 2, 0, 1
4853, 0, 0, 0
4854, 2, 1, -1
4854, 0, 0, 0
4857, 2, 1, -1
4857, 0, 0, 0
4859, 2, 0, 1
4859, 0, 0, 0
4860, 2, 1, -1
4860, 0, 0, 0
4862, 2, 0, 1
4862, 0, 0, 0
4863, 2, 1, -1
4863, 0, 0, 0
4866, 2, 0, 1
4866, 2, 1, -1
4866, 0, 0, 0
4868, 2, 1, -1
4868, 0, 0, 0
4869, 2, 0, 1
4869, 0, 0, 0
4871, 2, 1, -1
4871, 0, 0, 0
4873, 2, 0, 1
4873, 0, 0, 0
4874, 2, 1, -1
4874, 0, 0, 0
4877, 2, 0, 1
4877, 2, 1, -1
4877, 0, 0, 0
4879, 2, 1, -1
4879, 0, 0, 0
4880, 2, 0, 1
4880, 0, 0, 0
4882, 2, 1, -1
4882, 0, 0, 0
4884, 2, 0, 1
4884, 0, 0, 0
4885, 2, 1, -1
4885, 0, 0, 0
4888, 2, 0, 1
4888, 2, 1, -1
4888, 0, 0, 0
4891, 2, 1, -1
4891, 0, 0, 0
4892, 2, 0, 1
4892, 0, 0, 0
4894, 2, 1, -1
4894, 0, 0, 0
4897, 2, 0, 1
4897, 0, 0, 0
4899, 2, 1, -1
4899, 0, 0, 0
4905, 2, 0, 1
4905, 2, 1, -1
4905, 0, 0, 0
4912, 2, 0, 1
4912, 2, 1, -1
4912, 0, 0, 0
4922, 2, 1, -1
4922, 0, 0, 0
4927, 2, 0, 1
4927, 0, 0, 0
5175, 2, 1, 1
5175, 0, 0, 0
6894, 2, 1, -1
6894, 0, 0, 0
6897, 2, 0, 1
6897, 0, 0, 0
6900, 2, 1, -1
6900, 0, 0, 0
6904, 2, 0, 1
6904, 0, 0, 0
6905, 2, 1, -1
6905, 0, 0, 0
6911, 2, 1, -1
6911, 0, 0, 0
6964, 2, 1, -1
6964, 0, 0, 0
6968, 2, 0, 1
6968, 0, 0, 0
6971, 2, 1, -1
6971, 0, 0, 0
6976, 2, 1, -1
6976, 0, 0, 0
6981, 2, 1, -1
6981, 0, 0, 0
6984, 2, 0, 1
6984, 0, 0, 0
7020, 2, 1, -1
7020, 0, 0, 0
7203, 2, 8, -1
7203, 2, 11, -120
7203, 0, 0, 0
7359, 2, 8, -1
7359, 2, 11, -120
7359, 0, 0, 0
7521, 2, 8, -1
7521, 2, 11, -120
7521, 0, 0, 0
7560, 2, 1, 1
7560, 0, 0, 0
7563, 2, 0, -1
7563, 0, 0, 0
7567, 2, 0, -1
7567, 2, 1, 1
7567, 0, 0, 0
7570, 2, 1, 1
7570, 0, 0, 0
7572, 2, 0, -1
7572, 0, 0, 0
7573, 2, 1, 1
7573, 0, 0, 0
7576, 2, 1, 1
7576, 0, 0, 0
7577, 2, 0, -1
7577, 0, 0, 0
7580, 2, 1, 1
7580, 0, 0, 0
7587, 2, 0, -1
7587, 0, 0, 0
7589, 2, 1, 1
7589, 0, 0, 0
7629, 2, 8, -1
7629, 2, 11, -120
7629, 0, 0, 0
7664, 2, 1, 1
7664, 0, 0, 0
7667, 2, 0, -1
7667, 0, 0, 0
7675, 2, 1, 1
7675, 0, 0, 0
7679, 2, 0, -1
7679, 0, 0, 0
7680, 2, 1, 1
7680, 0, 0, 0
7685, 2, 0, -1
7685, 2, 1, 1
7685, 0, 0, 0
7690, 2, 1, 1
7690, 0, 0, 0
7696, 2, 0, -1
7696, 0, 0, 0
7697, 2, 1, 1
7697, 0, 0, 0
7707, 2, 1, 1
7707, 0, 0, 0
7710, 2, 0, -1
7710, 0, 0, 0
7713, 2, 1, 1
7713, 0, 0, 0
7717, 2, 0, -1
7717, 0, 0, 0
7718, 2, 1, 1
7718, 0, 0, 0
7723, 2, 1, 1
7723, 0, 0, 0
7726, 2, 0, -1
7726, 0, 0, 0
7728, 2, 1, 1
7728, 0, 0, 0
7733, 2, 0, -1
7733, 0, 0, 0
7734, 2, 1, 1
7734, 0, 0, 0
7788, 2, 8, -1
7788, 2, 11, -120
7788, 0, 0, 0
10364, 2, 0, 1
10364, 0, 0, 0
10368, 2, 0, 1
10368, 0, 0, 0
10371, 2, 0, 1
10371, 0, 0, 0
10372, 2, 0, 1
10372, 0, 0, 0
10374, 2, 0, 1
10374, 0, 0, 0
10375, 2, 0, 1
10375, 2, 1, 1
10375, 0, 0, 0
10376, 2, 0, 1
10376, 0, 0, 0
10378, 2, 0, 1
10378, 0, 0, 0
10379, 2, 0, 1
10379, 0, 0, 0
10380, 2, 0, 1
10380, 0, 0, 0
10381, 2, 1, 1
10381, 0, 0, 0
10382, 2, 0, 1
10382, 0, 0, 0
10383, 2, 0, 1
10383, 0, 0, 0
10384, 2, 0, 1
10384, 2, 1, 1
10384, 0, 0, 0
10385, 2, 0, 1
10385, 0, 0, 0
10386, 2, 0, 1
10386, 0, 0, 0
10387, 2, 0, 1
10387, 0, 0, 0
10388, 2, 0, 1
10388, 0, 0, 0
10389, 2, 0, 1
10389, 2, 1, 1
10389, 0, 0, 0
10391, 2, 0, 1
10391, 0, 0, 0
10392, 2, 0, 1
10392, 0, 0, 0
10393, 2, 0, 1
10393, 2, 1, 1
10393, 0, 0, 0
10394, 2, 0, 1
10394, 0, 0, 0
10395, 2, 0, 1
10395, 0, 0, 0
10397, 2, 0, 1
10397, 2, 1, 1
10397, 0, 0, 0
10398, 2, 0, 1
10398, 0, 0, 0
10399, 2, 0, 1
10399, 0, 0, 0
10401, 2, 0, 1
10401, 2, 1, 1
10401, 0, 0, 0
10402, 2, 0, 1
10402, 0, 0, 0
10404, 2, 0, 1
10404, 0, 0, 0
10406, 2, 0, 1
10406, 0, 0, 0
10408, 2, 0, 1
10408, 2, 1, 1
10408, 0, 0, 0
10410, 2, 0, 1
10410, 0, 0, 0
10412, 2, 0, 1
10412, 0, 0, 0
10413, 2, 1, 1
10413, 0, 0, 0
10415, 2, 0, 1
10415, 0, 0, 0
10418, 2, 0, 1
10418, 0, 0, 0
10423, 2, 0, 1
10423, 0, 0, 0
10821, 2, 0, 1
10821, 0, 0, 0
11446, 2, 0, 1
11446, 0, 0, 0
11450, 2, 0, 1
11450, 0, 0, 0
11454, 2, 0, 1
11454, 0, 0, 0
11455, 2, 1, -1
11455, 0, 0, 0
11457, 2, 0, 1
11457, 0, 0, 0
11459, 2, 1, -1
11459, 0, 0, 0
11460, 2, 0, 1
11460, 0, 0, 0
11463, 2, 0, 1
11463, 0, 0, 0
11464, 2, 1, -1
11464, 0, 0, 0
11466, 2, 0, 1
11466, 0, 0, 0
11470, 2, 0, 1
11470, 2, 1, -1
11470, 0, 0, 0
11475, 2, 0, 1
11475, 0, 0, 0
11477, 2, 1, -1
11477, 0, 0, 0
11481, 2, 0, 1
11481, 0, 0, 0
11561, 2, 1, -1
11561, 0, 0, 0
11588, 2, 0, 1
11588, 0, 0, 0
11589, 2, 1, -1
11589, 0, 0, 0
11594, 2, 0, 1
11594, 2, 1, -1
11594, 0, 0, 0
11601, 2, 1, -1
11601, 0, 0, 0
11602, 2, 0, 1
11602, 0, 0, 0
11665, 2, 0, 1
11665, 0, 0, 0
11668, 2, 1, -1
11668, 0, 0, 0
11674, 2, 0, 1
11674, 0, 0, 0
11693, 2, 1, -1
11693, 0, 0, 0
11695, 2, 0, 1
11695, 0, 0, 0
12206, 2, 0, 1
12206, 0, 0, 0
12214, 2, 0, 1
12214, 0, 0, 0
12219, 2, 0, 1
12219, 0, 0, 0
12223, 2, 1, 1
12223, 0, 0, 0
12226, 2, 0, 1
12226, 0, 0, 0
12233, 2, 0, 1
12233, 0, 0, 0
12753, 2, 0, 1
12753, 0, 0, 0
12758, 2, 0, 1
12758, 0, 0, 0
12762, 2, 0, 1
12762, 0, 0, 0
12766, 2, 0, 1
12766, 0, 0, 0
12767, 2, 1, 1
12767, 0, 0, 0
12770, 2, 0, 1
12770, 0, 0, 0
12774, 2, 0, 1
12774, 0, 0, 0
12778, 2, 1, 1
12778, 0, 0, 0
12785, 2, 0, 1
12785, 0, 0, 0
13007, 2, 0, 1
13007, 0, 0, 0
13012, 2, 0, 1
13012, 0, 0, 0
13016, 2, 0, 1
13016, 0, 0, 0
13018, 2, 1, 1
13018, 0, 0, 0
13020, 2, 0, 1
13020, 0, 0, 0
13025, 2, 0, 1
13025, 0, 0, 0
13030, 2, 0, 1
13030, 0, 0, 0
13037, 2, 0, 1
13037, 0, 0, 0
13039, 2, 1, 1
13039, 0, 0, 0
13042, 2, 0, 1
13042, 0, 0, 0
13047, 2, 0, 1
13047, 0, 0, 0
13051, 2, 0, 1
13051, 0, 0, 0
13055, 2, 0, 1
13055, 0, 0, 0
13057, 2, 0, 1
13057, 0, 0, 0
13059, 2, 1, 1
13059, 0, 0, 0
13060, 2, 0, 1
13060, 0, 0, 0
13062, 2, 0, 1
13062, 0, 0, 0
13065, 2, 0, 1
13065, 0, 0, 0
13066, 2, 1, 1
13066, 0, 0, 0
13067, 2, 0, 1
13067, 0, 0, 0
13069, 2, 0, 1
13069, 0, 0, 0
13071, 2, 0, 1
13071, 0, 0, 0
13074, 2, 0, 1
13074, 0, 0, 0
13076, 2, 0, 1
13076, 2, 1, 1
13076, 0, 0, 0
13079, 2, 0, 1
13079, 0, 0, 0
13082, 2, 0, 1
13082, 0, 0, 0
13084, 2, 0, 1
13084, 2, 1, 1
13084, 0, 0, 0
13086, 2, 0, 1
13086, 0, 0, 0
13090, 2, 0, 1
13090, 0, 0, 0
13093, 2, 0, 1
13093, 0, 0, 0
13096, 2, 0, 1
13096, 0, 0, 0
13099, 2, 1, 1
13099, 0, 0, 0
13100, 2, 0, 1
13100, 0, 0, 0
13103, 2, 0, 1
13103, 0, 0, 0
13106, 2, 0, 1
13106, 0, 0, 0
13109, 2, 0, 1
13109, 0, 0, 0
13113, 2, 0, 1
13113, 0, 0, 0
13114, 2, 1, 1
13114, 0, 0, 0
13115, 2, 0, 1
13115, 0, 0, 0
13118, 2, 0, 1
13118, 0, 0, 0
13119, 2, 1, 1
13119, 0, 0, 0
13120, 2, 0, 1
13120, 0, 0, 0
13121, 2, 0, 1
13121, 0, 0, 0
13123, 2, 0, 1
13123, 0, 0, 0
13124, 2, 0, 1
13124, 0, 0, 0
13126, 2, 0, 1
13126, 0, 0, 0
13127, 2, 0, 1
13127, 2, 1, 1
13127, 0, 0, 0
13128, 2, 0, 1
13128, 0, 0, 0
13129, 2, 0, 1
13129, 0, 0, 0
13131, 4, 4, 589828
13131, 1, 275, 1
13131, 2, 0, 1
13131, 0, 0, 0
13132, 2, 0, 1
13132, 2, 1, 1
13132, 0, 0, 0
13133, 2, 0, 1
13133, 0, 0, 0
13134, 2, 0, 1
13134, 0, 0, 0
13135, 2, 0, 1
13135, 0, 0, 0
13136, 2, 0, 1
13136, 0, 0, 0
13137, 2, 0, 1
13137, 2, 1, 1
13137, 0, 0, 0
13138, 2, 0, 1
13138, 0, 0, 0
13139, 2, 0, 1
13139, 0, 0, 0
13140, 2, 0, 1
13140, 0, 0, 0
13141, 2, 0, 1
13141, 2, 1, 1
13141, 0, 0, 0
13142, 2, 0, 1
13142, 0, 0, 0
13143, 2, 0, 1
13143, 0, 0, 0
13144, 2, 0, 1
13144, 0, 0, 0
13145, 2, 0, 1
13145, 2, 1, 1
13145, 0, 0, 0
13146, 2, 0, 1
13146, 0, 0, 0
13147, 2, 0, 1
13147, 0, 0, 0
13148, 2, 0, 1
13148, 0, 0, 0
13149, 2, 0, 1
13149, 2, 1, 1
13149, 0, 0, 0
13150, 2, 0, 1
13150, 0, 0, 0
13151, 2, 0, 1
13151, 0, 0, 0
13152, 2, 0, 1
13152, 0, 0, 0
13154, 2, 0, 1
13154, 2, 1, 1
13154, 0, 0, 0
13155, 2, 0, 1
13155, 0, 0, 0
13157, 2, 0, 1
13157, 0, 0, 0
13158, 2, 0, 1
13158, 0, 0, 0
13160, 2, 0, 1
13160, 0, 0, 0
13162, 2, 0, 1
13162, 0, 0, 0
13163, 2, 1, 1
13163, 0, 0, 0
13165, 2, 0, 1
13165, 0, 0, 0
13167, 2, 0, 1
13167, 0, 0, 0
13171, 2, 0, 1
13171, 0, 0, 0
13175, 2, 0, 1
13175, 0, 0, 0
13176, 2, 1, 1
13176, 0, 0, 0
13178, 2, 0, 1
13178, 0, 0, 0
13181, 2, 0, 1
13181, 0, 0, 0
13187, 2, 0, 1
13187, 0, 0, 0
13193, 2, 0, 1
13193, 0, 0, 0
13232, 2, 0, -1
13232, 0, 0, 0
13236, 2, 0, -1
13236, 0, 0, 0
13239, 2, 0, -1
13239, 0, 0, 0
13241, 2, 0, -1
13241, 0, 0, 0
13243, 2, 0, -1
13243, 2, 1, -1
13243, 0, 0, 0
13245, 2, 0, -1
13245, 0, 0, 0
13247, 2, 0, -1
13247, 0, 0, 0
13249, 2, 0, -1
13249, 0, 0, 0
13251, 2, 0, -1
13251, 2, 1, -1
13251, 0, 0, 0
13253, 2, 0, -1
13253, 0, 0, 0
13254, 2, 0, -1
13254, 0, 0, 0
13257, 2, 0, -1
13257, 0, 0, 0
13259, 2, 0, -1
13259, 0, 0, 0
13260, 2, 1, -1
13260, 0, 0, 0
13261, 2, 0, -1
13261, 0, 0, 0
13264, 2, 0, -1
13264, 0, 0, 0
13266, 2, 0, -1
13266, 0, 0, 0
13267, 2, 1, -1
13267, 0, 0, 0
13270, 2, 0, -1
13270, 0, 0, 0
13276, 2, 0, -1
13276, 0, 0, 0
13280, 2, 0, -1
13280, 0, 0, 0
13289, 4, 4, 589828
13289, 1, 275, 0
13289, 0, 0, 0
13291, 2, 0, -1
13291, 0, 0, 0
13292, 2, 1, -1
13292, 0, 0, 0
13349, 2, 0, -1
13349, 0, 0, 0
13358, 2, 0, -1
13358, 0, 0, 0
13360, 2, 0, -1
13360, 0, 0, 0
13362, 2, 1, -1
13362, 0, 0, 0
13364, 2, 0, -1
13364, 0, 0, 0
13365, 2, 0, -1
13365, 0, 0, 0
13368, 2, 0, -1
13368, 0, 0, 0
13369, 2, 0, -1
13369, 0, 0, 0
13371, 2, 0, -1
13371, 0, 0, 0
13373, 2, 0, -1
13373, 0, 0, 0
13375, 2, 0, -1
13375, 0, 0, 0
13376, 2, 0, -1
13376, 0, 0, 0
13377, 2, 1, -1
13377, 0, 0, 0
13378, 2, 0, -1
13378, 0, 0, 0
13380, 2, 0, -1
13380, 0, 0, 0
13381, 2, 0, -1
13381, 0, 0, 0
13383, 2, 0, -1
13383, 0, 0, 0
13385, 2, 0, -1
13385, 0, 0, 0
13387, 2, 0, -1
13387, 0, 0, 0
13389, 2, 0, -1
13389, 0, 0, 0
13391, 2, 0, -1
13391, 0, 0, 0
13394, 2, 0, -1
13394, 0, 0, 0
13397, 2, 0, -1
13397, 0, 0, 0
13401, 2, 0, -1
13401, 0, 0, 0
13405, 2, 0, -1
13405, 0, 0, 0
13663, 2, 0, -1
13663, 0, 0, 0
13665, 2, 1, -1
13665, 0, 0, 0
13669, 2, 0, -1
13669, 2, 1, -1
13669, 0, 0, 0
13674, 2, 1, -1
13674, 0, 0, 0
13678, 2, 1, -1
13678, 0, 0, 0
13679, 2, 0, -1
13679, 0, 0, 0
13682, 2, 1, -1
13682, 0, 0, 0
13687, 2, 1, -1
13687, 0, 0, 0
13691, 2, 0, -1
13691, 0, 0, 0
13707, 2, 1, -1
13707, 0, 0, 0
13708, 2, 0, 1
13708, 0, 0, 0
13711, 2, 0, 1
13711, 0, 0, 0
13712, 2, 1, -1
13712, 0, 0, 0
13713, 2, 0, 1
13713, 0, 0, 0
13714, 2, 1, -1
13714, 0, 0, 0
13715, 2, 0, 1
13715, 0, 0, 0
13717, 2, 0, 1
13717, 2, 1, -1
13717, 0, 0, 0
13719, 2, 0, 1
13719, 2, 1, -1
13719, 0, 0, 0
13720, 2, 0, 1
13720, 0, 0, 0
13721, 2, 1, -1
13721, 0, 0, 0
13722, 2, 0, 1
13722, 0, 0, 0
13723, 2, 0, 1
13723, 2, 1, -1
13723, 0, 0, 0
13725, 2, 0, 1
13725, 2, 1, -1
13725, 0, 0, 0
13727, 2, 0, 1
13727, 2, 1, -1
13727, 0, 0, 0
13728, 2, 0, 1
13728, 0, 0, 0
13729, 2, 1, -1
13729, 0, 0, 0
13730, 2, 0, 1
13730, 0, 0, 0
13731, 2, 0, 1
13731, 2, 1, -1
13731, 0, 0, 0
13733, 2, 0, 1
13733, 2, 1, -1
13733, 0, 0, 0
13735, 2, 0, 1
13735, 2, 1, -1
13735, 0, 0, 0
13737, 2, 0, 1
13737, 0, 0, 0
13738, 2, 1, -1
13738, 0, 0, 0
13739, 2, 0, 1
13739, 0, 0, 0
13740, 2, 1, -1
13740, 0, 0, 0
13741, 2, 0, 1
13741, 0, 0, 0
13743, 2, 1, -1
13743, 0, 0, 0
13744, 2, 0, 1
13744, 0, 0, 0
13747, 2, 0, 1
13747, 2, 1, -1
13747, 0, 0, 0
13752, 2, 1, -1
13752, 0, 0, 0
13753, 2, 0, 1
13753, 0, 0, 0
13863, 2, 0, 1
13863, 0, 0, 0
13864, 2, 1, -1
13864, 0, 0, 0
13867, 2, 0, 1
13867, 0, 0, 0
13870, 2, 0, 1
13870, 0, 0, 0
13871, 2, 0, 1
13871, 2, 1, -1
13871, 0, 0, 0
13873, 2, 0, 1
13873, 0, 0, 0
13874, 2, 0, 1
13874, 2, 1, -1
13874, 0, 0, 0
13875, 2, 0, 1
13875, 0, 0, 0
13876, 2, 0, 1
13876, 0, 0, 0
13877, 2, 1, -1
13877, 0, 0, 0
13878, 2, 0, 1
13878, 0, 0, 0
13879, 2, 0, 1
13879, 0, 0, 0
13880, 2, 0, 1
13880, 2, 1, -1
13880, 0, 0, 0
13881, 2, 0, 1
13881, 0, 0, 0
13882, 2, 0, 1
13882, 0, 0, 0
13883, 2, 0, 1
13883, 2, 1, -1
13883, 0, 0, 0
13884, 2, 0, 1
13884, 0, 0, 0
13885, 2, 0, 1
13885, 2, 1, -1
13885, 0, 0, 0
13886, 2, 0, 1
13886, 0, 0, 0
13887, 2, 0, 1
13887, 0, 0, 0
13888, 2, 0, 1
13888, 2, 1, -1
13888, 0, 0, 0
13889, 2, 0, 1
13889, 0, 0, 0
13890, 2, 0, 1
13890, 0, 0, 0
13891, 2, 0, 1
13891, 2, 1, -1
13891, 0, 0, 0
13892, 2, 0, 1
13892, 0, 0, 0
13893, 2, 0, 1
13893, 0, 0, 0
13894, 2, 0, 1
13894, 2, 1, -1
13894, 0, 0, 0
13896, 2, 0, 1
13896, 0, 0, 0
13897, 2, 0, 1
13897, 0, 0, 0
13898, 2, 0, 1
13898, 2, 1, -1
13898, 0, 0, 0
13900, 2, 0, 1
13900, 0, 0, 0
13901, 2, 0, 1
13901, 0, 0, 0
13902, 2, 1, -1
13902, 0, 0, 0
13903, 2, 0, 1
13903, 0, 0, 0
13905, 2, 0, 1
13905, 0, 0, 0
13906, 2, 1, -1
13906, 0, 0, 0
13907, 2, 0, 1
13907, 0, 0, 0
13910, 2, 0, 1
13910, 0, 0, 0
13912, 2, 0, 1
13912, 2, 1, -1
13912, 0, 0, 0
13915, 2, 0, 1
13915, 0, 0, 0
13917, 2, 0, 1
13917, 2, 1, -1
13917, 0, 0, 0
13921, 2, 0, 1
13921, 0, 0, 0
13924, 2, 0, 1
13924, 2, 1, -1
13924, 0, 0, 0
13929, 2, 0, 1
13929, 0, 0, 0
13930, 2, 1, -1
13930, 0, 0, 0
13932, 2, 0, 1
13932, 0, 0, 0
13941, 2, 0, 1
13941, 2, 1, -1
13941, 0, 0, 0
14087, 2, 1, -1
14087, 0, 0, 0
14094, 2, 0, 1
14094, 0, 0, 0
14095, 2, 1, -1
14095, 0, 0, 0
14098, 2, 1, -1
14098, 0, 0, 0
14100, 2, 1, -1
14100, 0, 0, 0
14103, 2, 0, 1
14103, 2, 1, -1
14103, 0, 0, 0
14105, 2, 1, -1
14105, 0, 0, 0
14108, 2, 1, -1
14108, 0, 0, 0
14111, 2, 0, 1
14111, 0, 0, 0
14113, 2, 1, -1
14113, 0, 0, 0
14129, 4, 4, 589829
14129, 1, 276, 1
14129, 0, 0, 0
14141, 2, 0, 1
14141, 0, 0, 0
14153, 2, 0, 1
14153, 0, 0, 0
14194, 2, 1, -1
14194, 0, 0, 0
14201, 2, 1, -1
14201, 0, 0, 0
14203, 2, 0, -1
14203, 0, 0, 0
14205, 2, 1, -1
14205, 0, 0, 0
14207, 2, 0, -1
14207, 2, 1, -1
14207, 0, 0, 0
14210, 2, 1, -1
14210, 0, 0, 0
14211, 2, 0, -1
14211, 0, 0, 0
14213, 2, 1, -1
14213, 0, 0, 0
14215, 2, 0, -1
14215, 0, 0, 0
14216, 2, 1, -1
14216, 0, 0, 0
14221, 2, 1, -1
14221, 0, 0, 0
14222, 2, 0, -1
14222, 0, 0, 0
14233, 2, 0, -1
14233, 0, 0, 0
14285, 4, 4, 589829
14285, 1, 276, 0
14285, 0, 0, 0
