millisec, event-type, event-code, event-value
43, 4, 4, 458792
43, 1, 28, 0
43, 0, 0, 0
2904, 4, 4, 458774
2904, 1, 31, 1
2904, 0, 0, 0
3159, 1, 31, 2
3159, 0, 0, 1
3199, 1, 31, 2
3199, 0, 0, 1
3205, 4, 4, 458774
3205, 1, 31, 0
3205, 0, 0, 0
3566, 4, 4, 458759
3566, 1, 32, 1
3566, 0, 0, 0
3751, 4, 4, 458774
3751, 1, 31, 1
3751, 0, 0, 0
3772, 4, 4, 458759
3772, 1, 32, 0
3772, 0, 0, 0
4293, 4, 4, 458774
4293, 1, 31, 0
4293, 0, 0, 0
4323, 4, 4, 458756
4323, 1, 30, 1
4323, 0, 0, 0
4575, 1, 30, 2
4575, 0, 0, 1
4615, 1, 30, 2
4615, 0, 0, 1
4655, 1, 30, 2
4655, 0, 0, 1
4695, 1, 30, 2
4695, 0, 0, 1
4735, 1, 30, 2
4735, 0, 0, 1
4775, 1, 30, 2
4775, 0, 0, 1
4814, 4, 4, 458774
4814, 1, 31, 1
4814, 0, 0, 0
4854, 4, 4, 458756
4854, 1, 30, 0
4854, 0, 0, 0
5616, 4, 4, 458774
5616, 1, 31, 0
5616, 0, 0, 0
5781, 4, 4, 458759
5781, 1, 32, 1
5781, 0, 0, 0
6035, 1, 32, 2
6035, 0, 0, 1
6075, 1, 32, 2
6075, 0, 0, 1
6115, 1, 32, 2
6115, 0, 0, 1
6155, 1, 32, 2
6155, 0, 0, 1
6195, 1, 32, 2
6195, 0, 0, 1
6235, 1, 32, 2
6235, 0, 0, 1
6275, 1, 32, 2
6275, 0, 0, 1
6277, 4, 4, 458759
6277, 1, 32, 0
6277, 0, 0, 0
6298, 4, 4, 458778
6298, 1, 17, 1
6298, 0, 0, 0
6388, 4, 4, 458756
6388, 1, 30, 1
6388, 0, 0, 0
6553, 4, 4, 458756
6553, 1, 30, 0
6553, 0, 0, 0
7300, 4, 4, 458759
7300, 1, 32, 1
7300, 0, 0, 0
7410, 4, 4, 458759
7410, 1, 32, 0
7410, 0, 0, 0
7856, 4, 4, 458759
7856, 1, 32, 1
7856, 0, 0, 0
7881, 4, 4, 458778
7881, 1, 17, 0
7881, 0, 0, 0
8032, 4, 4, 458774
8032, 1, 31, 1
8032, 0, 0, 0
8127, 4, 4, 458759
8127, 1, 32, 0
8127, 0, 0, 0
8458, 4, 4, 458759
8458, 1, 32, 1
8458, 0, 0, 0
8493, 4, 4, 458774
8493, 1, 31, 0
8493, 0, 0, 0
9270, 4, 4, 458756
9270, 1, 30, 1
9270, 0, 0, 0
9280, 4, 4, 458759
9280, 1, 32, 0
9280, 0, 0, 0
9771, 4, 4, 458774
9771, 1, 31, 1
9771, 0, 0, 0
9881, 4, 4, 458756
9881, 1, 30, 0
9881, 0, 0, 0
10087, 4, 4, 458774
10087, 1, 31, 0
10087, 0, 0, 0
10132, 4, 4, 458756
10132, 1, 30, 1
10132, 0, 0, 0
10232, 4, 4, 458778
10232, 1, 17, 1
10232, 0, 0, 0
10487, 1, 17, 2
10487, 0, 0, 1
10527, 1, 17, 2
10527, 0, 0, 1
10533, 4, 4, 458778
10533, 1, 17, 0
10533, 0, 0, 0
11039, 4, 4, 458774
11039, 1, 31, 1
11039, 0, 0, 0
11069, 4, 4, 458756
11069, 1, 30, 0
11069, 0, 0, 0
11781, 4, 4, 458756
11781, 1, 30, 1
11781, 0, 0, 0
11976, 4, 4, 458774
11976, 1, 31, 0
11976, 0, 0, 0
12136, 4, 4, 458756
12136, 1, 30, 0
12136, 0, 0, 0
12302, 4, 4, 458778
12302, 1, 17, 1
12302, 0, 0, 0
12367, 4, 4, 458778
12367, 1, 17, 0
12367, 0, 0, 0
12973, 4, 4, 458774
12973, 1, 31, 1
12973, 0, 0, 0
13219, 4, 4, 458774
13219, 1, 31, 0
13219, 0, 0, 0
13349, 4, 4, 458759
13349, 1, 32, 1
13349, 0, 0, 0
13603, 1, 32, 2
13603, 0, 0, 1
13643, 1, 32, 2
13643, 0, 0, 1
13683, 1, 32, 2
13683, 0, 0, 1
13723, 1, 32, 2
13723, 0, 0, 1
13763, 1, 32, 2
13763, 0, 0, 1
13803, 1, 32, 2
13803, 0, 0, 1
13843, 1, 32, 2
13843, 0, 0, 1
13883, 1, 32, 2
13883, 0, 0, 1
13923, 1, 32, 2
13923, 0, 0, 1
13963, 1, 32, 2
13963, 0, 0, 1
14003, 1, 32, 2
14003, 0, 0, 1
14043, 1, 32, 2
14043, 0, 0, 1
14083, 1, 32, 2
14083, 0, 0, 1
14096, 4, 4, 458759
14096, 1, 32, 0
14096, 0, 0, 0
14131, 4, 4, 458778
14131, 1, 17, 1
14131, 0, 0, 0
14251, 4, 4, 458778
14251, 1, 17, 0
14251, 0, 0, 0
14577, 4, 4, 458759
14577, 1, 32, 1
14577, 0, 0, 0
14831, 1, 32, 2
14831, 0, 0, 1
14863, 4, 4, 458759
14863, 1, 32, 0
14863, 0, 0, 0
15003, 4, 4, 458756
15003, 1, 30, 1
15003, 0, 0, 0
15219, 4, 4, 458778
15219, 1, 17, 1
15219, 0, 0, 0
15244, 4, 4, 458756
15244, 1, 30, 0
15244, 0, 0, 0
15324, 4, 4, 458756
15324, 1, 30, 1
15324, 0, 0, 0
15555, 4, 4, 458756
15555, 1, 30, 0
15555, 0, 0, 0
15946, 4, 4, 458756
15946, 1, 30, 1
15946, 0, 0, 0
16199, 1, 30, 2
16199, 0, 0, 1
16239, 1, 30, 2
16239, 0, 0, 1
16241, 4, 4, 458756
16241, 1, 30, 0
16241, 0, 0, 0
16427, 4, 4, 458759
16427, 1, 32, 1
16427, 0, 0, 0
16577, 4, 4, 458778
16577, 1, 17, 0
16577, 0, 0, 0
16607, 4, 4, 458756
16607, 1, 30, 1
16607, 0, 0, 0
16612, 4, 4, 458759
16612, 1, 32, 0
16612, 0, 0, 0
17153, 4, 4, 458774
17153, 1, 31, 1
17153, 0, 0, 0
17189, 4, 4, 458756
17189, 1, 30, 0
17189, 0, 0, 0
17254, 4, 4, 458756
17254, 1, 30, 1
17254, 0, 0, 0
17474, 4, 4, 458774
17474, 1, 31, 0
17474, 0, 0, 0
17690, 4, 4, 458778
17690, 1, 17, 1
17690, 0, 0, 0
17895, 4, 4, 458756
17895, 1, 30, 0
17895, 0, 0, 0
17945, 4, 4, 458778
17945, 1, 17, 0
17945, 0, 0, 0
18467, 4, 4, 458774
18467, 1, 31, 1
18467, 0, 0, 0
18582, 4, 4, 458774
18582, 1, 31, 0
18582, 0, 0, 0
18857, 4, 4, 458756
18857, 1, 30, 1
18857, 0, 0, 0
18943, 4, 4, 458756
18943, 1, 30, 0
18943, 0, 0, 0
19098, 4, 4, 458759
19098, 1, 32, 1
19098, 0, 0, 0
19128, 4, 4, 458759
19128, 1, 32, 0
19128, 0, 0, 0
19785, 4, 4, 458778
19785, 1, 17, 1
19785, 0, 0, 0
20039, 1, 17, 2
20039, 0, 0, 1
20079, 1, 17, 2
20079, 0, 0, 1
20119, 1, 17, 2
20119, 0, 0, 1
20159, 1, 17, 2
20159, 0, 0, 1
20199, 1, 17, 2
20199, 0, 0, 1
20239, 1, 17, 2
20239, 0, 0, 1
20279, 1, 17, 2
20279, 0, 0, 1
20319, 1, 17, 2
20319, 0, 0, 1
20341, 4, 4, 458778
20341, 1, 17, 0
20341, 0, 0, 0
21343, 4, 4, 458774
21343, 1, 31, 1
21343, 0, 0, 0
21599, 1, 31, 2
21599, 0, 0, 1
21639, 1, 31, 2
21639, 0, 0, 1
21679, 1, 31, 2
21679, 0, 0, 1
21719, 1, 31, 2
21719, 0, 0, 1
21759, 1, 31, 2
21759, 0, 0, 1
21799, 1, 31, 2
21799, 0, 0, 1
21839, 1, 31, 2
21839, 0, 0, 1
21879, 1, 31, 2
21879, 0, 0, 1
21919, 1, 31, 2
21919, 0, 0, 1
21959, 1, 31, 2
21959, 0, 0, 1
21975, 4, 4, 458756
21975, 1, 30, 1
21975, 0, 0, 0
22025, 4, 4, 458774
22025, 1, 31, 0
22025, 4, 4, 458756
22025, 1, 30, 0
22025, 0, 0, 0
22581, 4, 4, 458759
22581, 1, 32, 1
22581, 0, 0, 0
22835, 1, 32, 2
22835, 0, 0, 1
22847, 4, 4, 458778
22847, 1, 17, 1
22847, 0, 0, 0
22872, 4, 4, 458759
22872, 1, 32, 0
22872, 0, 0, 0
23243, 4, 4, 458778
23243, 1, 17, 0
23243, 0, 0, 0
24065, 4, 4, 458778
24065, 1, 17, 1
24065, 0, 0, 0
24145, 4, 4, 458778
24145, 1, 17, 0
24145, 0, 0, 0
24521, 4, 4, 458756
24521, 1, 30, 1
24521, 0, 0, 0
24775, 1, 30, 2
24775, 0, 0, 1
24815, 1, 30, 2
24815, 0, 0, 1
24855, 1, 30, 2
24855, 0, 0, 1
24872, 4, 4, 458756
24872, 1, 30, 0
24872, 0, 0, 0
24887, 4, 4, 458774
24887, 1, 31, 1
24887, 0, 0, 0
25143, 1, 31, 2
25143, 0, 0, 1
25183, 1, 31, 2
25183, 0, 0, 1
25208, 4, 4, 458774
25208, 1, 31, 0
25208, 0, 0, 0
25323, 4, 4, 458778
25323, 1, 17, 1
25323, 0, 0, 0
25579, 1, 17, 2
25579, 0, 0, 1
25584, 4, 4, 458756
25584, 1, 30, 1
25584, 0, 0, 0
25624, 4, 4, 458778
25624, 1, 17, 0
25624, 0, 0, 0
25834, 4, 4, 458774
25834, 1, 31, 1
25834, 0, 0, 0
25864, 4, 4, 458756
25864, 1, 30, 0
25864, 0, 0, 0
26120, 4, 4, 458774
26120, 1, 31, 0
26120, 0, 0, 0
26240, 4, 4, 458778
26240, 1, 17, 1
26240, 0, 0, 0
26495, 1, 17, 2
26495, 0, 0, 1
26535, 1, 17, 2
26535, 0, 0, 1
26575, 1, 17, 2
26575, 0, 0, 1
26615, 1, 17, 2
26615, 0, 0, 1
26655, 1, 17, 2
26655, 0, 0, 1
26695, 1, 17, 2
26695, 0, 0, 1
26735, 1, 17, 2
26735, 0, 0, 1
26775, 1, 17, 2
26775, 0, 0, 1
26815, 1, 17, 2
26815, 0, 0, 1
26855, 1, 17, 2
26855, 0, 0, 1
26895, 1, 17, 2
26895, 0, 0, 1
26935, 1, 17, 2
26935, 0, 0, 1
26975, 1, 17, 2
26975, 0, 0, 1
27015, 1, 17, 2
27015, 0, 0, 1
27055, 1, 17, 2
27055, 0, 0, 1
27095, 1, 17, 2
27095, 0, 0, 1
27107, 4, 4, 458778
27107, 1, 17, 0
27107, 0, 0, 0
27313, 4, 4, 458774
27313, 1, 31, 1
27313, 0, 0, 0
27567, 1, 31, 2
27567, 0, 0, 1
27607, 1, 31, 2
27607, 0, 0, 1
27647, 1, 31, 2
27647, 0, 0, 1
27687, 1, 31, 2
27687, 0, 0, 1
27727, 1, 31, 2
27727, 0, 0, 1
27767, 1, 31, 2
27767, 0, 0, 1
27807, 1, 31, 2
27807, 0, 0, 1
27847, 1, 31, 2
27847, 0, 0, 1
27887, 1, 31, 2
27887, 0, 0, 1
27927, 1, 31, 2
27927, 0, 0, 1
27967, 1, 31, 2
27967, 0, 0, 1
28007, 1, 31, 2
28007, 0, 0, 1
28047, 1, 31, 2
28047, 0, 0, 1
28087, 1, 31, 2
28087, 0, 0, 1
28127, 1, 31, 2
28127, 0, 0, 1
28167, 1, 31, 2
28167, 0, 0, 1
28207, 1, 31, 2
28207, 0, 0, 1
28247, 1, 31, 2
28247, 0, 0, 1
28287, 1, 31, 2
28287, 0, 0, 1
28327, 1, 31, 2
28327, 0, 0, 1
28367, 1, 31, 2
28367, 0, 0, 1
28407, 1, 31, 2
28407, 0, 0, 1
28411, 4, 4, 458774
28411, 1, 31, 0
28411, 0, 0, 0
28451, 4, 4, 458774
28451, 1, 31, 1
28451, 0, 0, 0
28557, 4, 4, 458774
28557, 1, 31, 0
28557, 0, 0, 0
29218, 4, 4, 458778
29218, 1, 17, 1
29218, 0, 0, 0
29471, 1, 17, 2
29471, 0, 0, 1
29511, 1, 17, 2
29511, 0, 0, 1
29551, 1, 17, 2
29551, 0, 0, 1
29591, 1, 17, 2
29591, 0, 0, 1
29631, 1, 17, 2
29631, 0, 0, 1
29671, 1, 17, 2
29671, 0, 0, 1
29711, 1, 17, 2
29711, 0, 0, 1
29751, 1, 17, 2
29751, 0, 0, 1
29791, 1, 17, 2
29791, 0, 0, 1
29831, 1, 17, 2
29831, 0, 0, 1
29871, 1, 17, 2
29871, 0, 0, 1
29911, 1, 17, 2
29911, 0, 0, 1
29951, 1, 17, 2
29951, 0, 0, 1
29991, 1, 17, 2
29991, 0, 0, 1
30031, 1, 17, 2
30031, 0, 0, 1
30071, 1, 17, 2
30071, 0, 0, 1
30111, 1, 17, 2
30111, 0, 0, 1
30151, 1, 17, 2
30151, 0, 0, 1
30191, 1, 17, 2
30191, 0, 0, 1
30231, 1, 17, 2
30231, 0, 0, 1
30261, 4, 4, 458778
30261, 1, 17, 0
30261, 0, 0, 0
30677, 4, 4, 458778
30677, 1, 17, 1
30677, 0, 0, 0
30817, 4, 4, 458760
30817, 1, 18, 1
30817, 0, 0, 0
30832, 4, 4, 458778
30832, 1, 17, 0
30832, 0, 0, 0
30892, 4, 4, 458760
30892, 1, 18, 0
30892, 0, 0, 0
32000, 4, 4, 458774
32000, 1, 31, 1
32000, 0, 0, 0
32255, 1, 31, 2
32255, 0, 0, 1
32295, 1, 31, 2
32295, 0, 0, 1
32335, 1, 31, 2
32335, 0, 0, 1
32375, 1, 31, 2
32375, 0, 0, 1
32415, 1, 31, 2
32415, 0, 0, 1
32455, 1, 31, 2
32455, 0, 0, 1
32495, 1, 31, 2
32495, 0, 0, 1
32535, 1, 31, 2
32535, 0, 0, 1
32575, 1, 31, 2
32575, 0, 0, 1
32615, 1, 31, 2
32615, 0, 0, 1
32655, 1, 31, 2
32655, 0, 0, 1
32695, 1, 31, 2
32695, 0, 0, 1
32735, 1, 31, 2
32735, 0, 0, 1
32775, 1, 31, 2
32775, 0, 0, 1
32815, 1, 31, 2
32815, 0, 0, 1
32855, 1, 31, 2
32855, 0, 0, 1
32895, 1, 31, 2
32895, 0, 0, 1
32935, 1, 31, 2
32935, 0, 0, 1
32975, 1, 31, 2
32975, 0, 0, 1
33015, 1, 31, 2
33015, 0, 0, 1
33055, 1, 31, 2
33055, 0, 0, 1
33095, 1, 31, 2
33095, 0, 0, 1
33135, 1, 31, 2
33135, 0, 0, 1
33143, 4, 4, 458756
33143, 1, 30, 1
33143, 0, 0, 0
33318, 4, 4, 458756
33318, 1, 30, 0
33318, 0, 0, 0
33995, 4, 4, 458756
33995, 1, 30, 1
33995, 0, 0, 0
34010, 4, 4, 458774
34010, 1, 31, 0
34010, 0, 0, 0
34215, 4, 4, 458778
34215, 1, 17, 1
34215, 0, 0, 0
34385, 4, 4, 458756
34385, 1, 30, 0
34385, 0, 0, 0
34546, 4, 4, 458778
34546, 1, 17, 0
34546, 0, 0, 0
34751, 4, 4, 458774
34751, 1, 31, 1
34751, 0, 0, 0
35003, 1, 31, 2
35003, 0, 0, 1
35043, 1, 31, 2
35043, 0, 0, 1
35083, 1, 31, 2
35083, 0, 0, 1
35123, 1, 31, 2
35123, 0, 0, 1
35163, 1, 31, 2
35163, 0, 0, 1
35203, 1, 31, 2
35203, 0, 0, 1
35233, 4, 4, 458756
35233, 1, 30, 1
35233, 0, 0, 0
35393, 4, 4, 458756
35393, 1, 30, 0
35393, 0, 0, 0
35513, 4, 4, 458774
35513, 1, 31, 0
35513, 0, 0, 0
35638, 4, 4, 458778
35638, 1, 17, 1
35638, 0, 0, 0
35891, 1, 17, 2
35891, 0, 0, 1
35931, 1, 17, 2
35931, 0, 0, 1
35971, 1, 17, 2
35971, 0, 0, 1
36011, 1, 17, 2
36011, 0, 0, 1
36051, 1, 17, 2
36051, 0, 0, 1
36091, 1, 17, 2
36091, 0, 0, 1
36131, 1, 17, 2
36131, 0, 0, 1
36171, 1, 17, 2
36171, 0, 0, 1
36211, 1, 17, 2
36211, 0, 0, 1
36251, 1, 17, 2
36251, 0, 0, 1
36291, 1, 17, 2
36291, 0, 0, 1
36305, 4, 4, 458759
36305, 1, 32, 1
36305, 0, 0, 0
36405, 4, 4, 458759
36405, 1, 32, 0
36405, 0, 0, 0
36450, 4, 4, 458778
36450, 1, 17, 0
36450, 0, 0, 0
36485, 4, 4, 458756
36485, 1, 30, 1
36485, 0, 0, 0
36581, 4, 4, 458778
36581, 1, 17, 1
36581, 0, 0, 0
36596, 4, 4, 458756
36596, 1, 30, 0
36596, 0, 0, 0
36686, 4, 4, 458759
36686, 1, 32, 1
36686, 0, 0, 0
36939, 1, 32, 2
36939, 0, 0, 1
36979, 1, 32, 2
36979, 0, 0, 1
37019, 1, 32, 2
37019, 0, 0, 1
37059, 1, 32, 2
37059, 0, 0, 1
37099, 1, 32, 2
37099, 0, 0, 1
37139, 1, 32, 2
37139, 0, 0, 1
37179, 1, 32, 2
37179, 0, 0, 1
37219, 1, 32, 2
37219, 0, 0, 1
37259, 1, 32, 2
37259, 0, 0, 1
37272, 4, 4, 458759
37272, 1, 32, 0
37272, 0, 0, 0
37353, 4, 4, 458759
37353, 1, 32, 1
37353, 0, 0, 0
37438, 4, 4, 458778
37438, 1, 17, 0
37438, 0, 0, 0
37799, 4, 4, 458778
37799, 1, 17, 1
37799, 0, 0, 0
37869, 4, 4, 458759
37869, 1, 32, 0
37869, 0, 0, 0
37919, 4, 4, 458778
37919, 1, 17, 0
37919, 0, 0, 0
37939, 4, 4, 458756
37939, 1, 30, 1
37939, 0, 0, 0
38191, 1, 30, 2
38191, 0, 0, 1
38231, 1, 30, 2
38231, 0, 0, 1
38271, 1, 30, 2
38271, 0, 0, 1
38300, 4, 4, 458774
38300, 1, 31, 1
38300, 0, 0, 0
38555, 1, 31, 2
38555, 0, 0, 1
38591, 4, 4, 458774
38591, 1, 31, 0
38591, 0, 0, 0
38716, 4, 4, 458778
38716, 1, 17, 1
38716, 0, 0, 0
38841, 4, 4, 458756
38841, 1, 30, 0
38841, 0, 0, 0
39022, 4, 4, 458778
39022, 1, 17, 0
39022, 0, 0, 0
39372, 4, 4, 458759
39372, 1, 32, 1
39372, 0, 0, 0
39438, 4, 4, 458759
39438, 1, 32, 0
39438, 0, 0, 0
40144, 4, 4, 458760
40144, 1, 18, 1
40144, 0, 0, 0
40234, 4, 4, 458760
40234, 1, 18, 0
40234, 0, 0, 0
40746, 4, 4, 458778
40746, 1, 17, 1
40746, 0, 0, 0
40999, 1, 17, 2
40999, 0, 0, 1
41039, 1, 17, 2
41039, 0, 0, 1
41056, 4, 4, 458778
41056, 1, 17, 0
41056, 0, 0, 0
41081, 4, 4, 458778
41081, 1, 17, 1
41081, 0, 0, 0
41132, 4, 4, 458778
41132, 1, 17, 0
41132, 0, 0, 0
42385, 4, 4, 458774
42385, 1, 31, 1
42385, 0, 0, 0
42639, 1, 31, 2
42639, 0, 0, 1
42679, 1, 31, 2
42679, 0, 0, 1
42719, 1, 31, 2
42719, 0, 0, 1
42759, 1, 31, 2
42759, 0, 0, 1
42799, 1, 31, 2
42799, 0, 0, 1
42839, 1, 31, 2
42839, 0, 0, 1
42879, 1, 31, 2
42879, 0, 0, 1
42919, 1, 31, 2
42919, 0, 0, 1
42959, 1, 31, 2
42959, 0, 0, 1
42999, 1, 31, 2
42999, 0, 0, 1
43039, 1, 31, 2
43039, 0, 0, 1
43079, 1, 31, 2
43079, 0, 0, 1
43119, 1, 31, 2
43119, 0, 0, 1
43159, 1, 31, 2
43159, 0, 0, 1
43199, 1, 31, 2
43199, 0, 0, 1
43239, 1, 31, 2
43239, 0, 0, 1
43279, 1, 31, 2
43279, 0, 0, 1
43287, 4, 4, 458759
43287, 1, 32, 1
43287, 0, 0, 0
43539, 1, 32, 2
43539, 0, 0, 1
43579, 1, 32, 2
43579, 0, 0, 1
43619, 1, 32, 2
43619, 0, 0, 1
43659, 1, 32, 2
43659, 0, 0, 1
43699, 1, 32, 2
43699, 0, 0, 1
43739, 1, 32, 2
43739, 0, 0, 1
43779, 1, 32, 2
43779, 0, 0, 1
43819, 1, 32, 2
43819, 0, 0, 1
43859, 1, 32, 2
43859, 0, 0, 1
43899, 1, 32, 2
43899, 0, 0, 1
43939, 1, 32, 2
43939, 0, 0, 1
43979, 1, 32, 2
43979, 0, 0, 1
44019, 1, 32, 2
44019, 0, 0, 1
44059, 1, 32, 2
44059, 0, 0, 1
44099, 1, 32, 2
44099, 0, 0, 1
44134, 4, 4, 458759
44134, 1, 32, 0
44134, 0, 0, 0
44149, 4, 4, 458756
44149, 1, 30, 1
44149, 0, 0, 0
44403, 1, 30, 2
44403, 0, 0, 1
44443, 1, 30, 2
44443, 0, 0, 1
44483, 1, 30, 2
44483, 0, 0, 1
44490, 4, 4, 458774
44490, 1, 31, 0
44490, 4, 4, 458756
44490, 1, 30, 0
44490, 0, 0, 0
44640, 4, 4, 458759
44640, 1, 32, 1
44640, 0, 0, 0
44895, 1, 32, 2
44895, 0, 0, 1
44896, 4, 4, 458759
44896, 1, 32, 0
44896, 0, 0, 0
44986, 4, 4, 458759
44986, 1, 32, 1
44986, 0, 0, 0
45166, 4, 4, 458774
45166, 1, 31, 1
45166, 0, 0, 0
45196, 4, 4, 458759
45196, 1, 32, 0
45196, 0, 0, 0
45512, 4, 4, 458756
45512, 1, 30, 1
45512, 0, 0, 0
45767, 1, 30, 2
45767, 0, 0, 1
45807, 1, 30, 2
45807, 0, 0, 1
45847, 1, 30, 2
45847, 0, 0, 1
45873, 4, 4, 458774
45873, 1, 31, 0
45873, 0, 0, 0
45938, 4, 4, 458756
45938, 1, 30, 0
45938, 0, 0, 0
46239, 4, 4, 458778
46239, 1, 17, 1
46239, 0, 0, 0
46491, 1, 17, 2
46491, 0, 0, 1
46531, 1, 17, 2
46531, 0, 0, 1
46571, 1, 17, 2
46571, 0, 0, 1
46611, 1, 17, 2
46611, 0, 0, 1
46651, 1, 17, 2
46651, 0, 0, 1
46691, 1, 17, 2
46691, 0, 0, 1
46731, 1, 17, 2
46731, 0, 0, 1
46771, 1, 17, 2
46771, 0, 0, 1
46811, 1, 17, 2
46811, 0, 0, 1
46851, 1, 17, 2
46851, 0, 0, 1
46891, 1, 17, 2
46891, 0, 0, 1
46931, 1, 17, 2
46931, 0, 0, 1
46971, 1, 17, 2
46971, 0, 0, 1
46986, 4, 4, 458759
46986, 1, 32, 1
46986, 0, 0, 0
47131, 4, 4, 458759
47131, 1, 32, 0
47131, 0, 0, 0
47532, 4, 4, 458759
47532, 1, 32, 1
47532, 0, 0, 0
47787, 1, 32, 2
47787, 0, 0, 1
47827, 1, 32, 2
47827, 0, 0, 1
47867, 1, 32, 2
47867, 0, 0, 1
47907, 1, 32, 2
47907, 0, 0, 1
47947, 1, 32, 2
47947, 0, 0, 1
47987, 1, 32, 2
47987, 0, 0, 1
48027, 1, 32, 2
48027, 0, 0, 1
48067, 1, 32, 2
48067, 0, 0, 1
48107, 1, 32, 2
48107, 0, 0, 1
48147, 1, 32, 2
48147, 0, 0, 1
48187, 1, 32, 2
48187, 0, 0, 1
48227, 1, 32, 2
48227, 0, 0, 1
48267, 1, 32, 2
48267, 0, 0, 1
48307, 1, 32, 2
48307, 0, 0, 1
48347, 1, 32, 2
48347, 0, 0, 1
48387, 1, 32, 2
48387, 0, 0, 1
48427, 1, 32, 2
48427, 0, 0, 1
48467, 1, 32, 2
48467, 0, 0, 1
48507, 1, 32, 2
48507, 0, 0, 1
48547, 1, 32, 2
48547, 0, 0, 1
48587, 1, 32, 2
48587, 0, 0, 1
48627, 1, 32, 2
48627, 0, 0, 1
48667, 1, 32, 2
48667, 0, 0, 1
48707, 1, 32, 2
48707, 0, 0, 1
48747, 1, 32, 2
48747, 0, 0, 1
48787, 1, 32, 2
48787, 0, 0, 1
48827, 1, 32, 2
48827, 0, 0, 1
48867, 1, 32, 2
48867, 0, 0, 1
48907, 1, 32, 2
48907, 0, 0, 1
48947, 1, 32, 2
48947, 0, 0, 1
48987, 1, 32, 2
48987, 0, 0, 1
49027, 1, 32, 2
49027, 0, 0, 1
49067, 1, 32, 2
49067, 0, 0, 1
49107, 1, 32, 2
49107, 0, 0, 1
49147, 1, 32, 2
49147, 0, 0, 1
49187, 1, 32, 2
49187, 0, 0, 1
49227, 1, 32, 2
49227, 0, 0, 1
49256, 4, 4, 458778
49256, 1, 17, 0
49256, 0, 0, 0
49296, 4, 4, 458759
49296, 1, 32, 0
49296, 0, 0, 0
49471, 4, 4, 458774
49471, 1, 31, 1
49471, 0, 0, 0
49723, 1, 31, 2
49723, 0, 0, 1
49763, 1, 31, 2
49763, 0, 0, 1
49803, 1, 31, 2
49803, 0, 0, 1
49843, 1, 31, 2
49843, 0, 0, 1
49883, 1, 31, 2
49883, 0, 0, 1
49923, 1, 31, 2
49923, 0, 0, 1
49963, 1, 31, 2
49963, 0, 0, 1
50003, 1, 31, 2
50003, 0, 0, 1
50043, 1, 31, 2
50043, 0, 0, 1
50083, 1, 31, 2
50083, 0, 0, 1
50123, 1, 31, 2
50123, 0, 0, 1
50163, 1, 31, 2
50163, 0, 0, 1
50203, 1, 31, 2
50203, 0, 0, 1
50243, 1, 31, 2
50243, 0, 0, 1
50283, 1, 31, 2
50283, 0, 0, 1
50323, 1, 31, 2
50323, 0, 0, 1
50363, 1, 31, 2
50363, 0, 0, 1
50403, 1, 31, 2
50403, 0, 0, 1
50443, 1, 31, 2
50443, 0, 0, 1
50464, 4, 4, 458774
50464, 1, 31, 0
50464, 0, 0, 0
50599, 4, 4, 458778
50599, 1, 17, 1
50599, 0, 0, 0
50851, 1, 17, 2
50851, 0, 0, 1
50860, 4, 4, 458759
50860, 1, 32, 1
50860, 0, 0, 0
51115, 1, 32, 2
51115, 0, 0, 1
51155, 1, 32, 2
51155, 0, 0, 1
51195, 1, 32, 2
51195, 0, 0, 1
51235, 1, 32, 2
51235, 0, 0, 1
51241, 4, 4, 458778
51241, 1, 17, 0
51241, 0, 0, 0
51677, 4, 4, 458778
51677, 1, 17, 1
51677, 0, 0, 0
51931, 1, 17, 2
51931, 0, 0, 1
51971, 1, 17, 2
51971, 0, 0, 1
52011, 1, 17, 2
52011, 0, 0, 1
52051, 1, 17, 2
52051, 0, 0, 1
52091, 1, 17, 2
52091, 0, 0, 1
52131, 1, 17, 2
52131, 0, 0, 1
52143, 4, 4, 458778
52143, 1, 17, 0
52143, 0, 0, 0
52283, 4, 4, 458756
52283, 1, 30, 1
52283, 0, 0, 0
52288, 4, 4, 458759
52288, 1, 32, 0
52288, 0, 0, 0
53281, 4, 4, 458759
53281, 1, 32, 1
53281, 0, 0, 0
53306, 4, 4, 458756
53306, 1, 30, 0
53306, 0, 0, 0
54579, 4, 4, 458774
54579, 1, 31, 1
54579, 0, 0, 0
54709, 4, 4, 458759
54709, 1, 32, 0
54709, 0, 0, 0
55115, 4, 4, 458759
55115, 1, 32, 1
55115, 0, 0, 0
55367, 1, 32, 2
55367, 0, 0, 1
55407, 1, 32, 2
55407, 0, 0, 1
55447, 1, 32, 2
55447, 0, 0, 1
55487, 1, 32, 2
55487, 0, 0, 1
55527, 1, 32, 2
55527, 0, 0, 1
55551, 4, 4, 458756
55551, 1, 30, 1
55551, 0, 0, 0
55591, 4, 4, 458759
55591, 1, 32, 0
55591, 0, 0, 0
56238, 4, 4, 458774
56238, 1, 31, 0
56238, 0, 0, 0
56363, 4, 4, 458778
56363, 1, 17, 1
56363, 0, 0, 0
56413, 4, 4, 458756
56413, 1, 30, 0
56413, 0, 0, 0
56639, 4, 4, 458759
56639, 1, 32, 1
56639, 0, 0, 0
56895, 1, 32, 2
56895, 0, 0, 1
56935, 1, 32, 2
56935, 0, 0, 1
56975, 1, 32, 2
56975, 0, 0, 1
57004, 4, 4, 458759
57004, 1, 32, 0
57004, 0, 0, 0
57090, 4, 4, 458756
57090, 1, 30, 1
57090, 0, 0, 0
57343, 1, 30, 2
57343, 0, 0, 1
57387, 1, 30, 2
57387, 0, 0, 1
57427, 1, 30, 2
57427, 0, 0, 1
57467, 1, 30, 2
57467, 0, 0, 1
57511, 1, 30, 2
57511, 0, 0, 1
57551, 1, 30, 2
57551, 0, 0, 1
57595, 1, 30, 2
57595, 0, 0, 1
57635, 1, 30, 2
57635, 0, 0, 1
57675, 1, 30, 2
57675, 0, 0, 1
57715, 1, 30, 2
57715, 0, 0, 1
57755, 1, 30, 2
57755, 0, 0, 1
57795, 1, 30, 2
57795, 0, 0, 1
57816, 4, 4, 458778
57816, 1, 17, 0
57816, 0, 0, 0
58503, 4, 4, 458774
58503, 1, 31, 1
58503, 0, 0, 0
58755, 1, 31, 2
58755, 0, 0, 1
58795, 1, 31, 2
58795, 0, 0, 1
58835, 1, 31, 2
58835, 0, 0, 1
58879, 1, 31, 2
58879, 0, 0, 1
58919, 4, 4, 458774
58919, 1, 31, 0
58919, 0, 0, 0
59325, 4, 4, 458774
59325, 1, 31, 1
59325, 0, 0, 0
59579, 1, 31, 2
59579, 0, 0, 1
59623, 1, 31, 2
59623, 0, 0, 1
59663, 1, 31, 2
59663, 0, 0, 1
59703, 1, 31, 2
59703, 0, 0, 1
59747, 1, 31, 2
59747, 0, 0, 1
59791, 1, 31, 2
59791, 0, 0, 1
59831, 1, 31, 2
59831, 0, 0, 1
59871, 1, 31, 2
59871, 0, 0, 1
59911, 1, 31, 2
59911, 0, 0, 1
59951, 1, 31, 2
59951, 0, 0, 1
59971, 4, 4, 458774
59971, 1, 31, 0
59971, 0, 0, 0
60087, 4, 4, 458756
60087, 1, 30, 0
60087, 0, 0, 0
64116, 4, 4, 458756
64116, 1, 30, 1
64116, 0, 0, 0
64371, 1, 30, 2
64371, 0, 0, 1
64411, 1, 30, 2
64411, 0, 0, 1
64451, 1, 30, 2
64451, 0, 0, 1
64495, 1, 30, 2
64495, 0, 0, 1
64539, 1, 30, 2
64539, 0, 0, 1
64579, 1, 30, 2
64579, 0, 0, 1
64619, 1, 30, 2
64619, 0, 0, 1
64663, 1, 30, 2
64663, 0, 0, 1
64703, 1, 30, 2
64703, 0, 0, 1
64743, 1, 30, 2
64743, 0, 0, 1
64787, 1, 30, 2
64787, 0, 0, 1
64818, 4, 4, 458778
64818, 1, 17, 1
64818, 0, 0, 0
65087, 1, 17, 2
65087, 0, 0, 1
65127, 1, 17, 2
65127, 0, 0, 1
65167, 1, 17, 2
65167, 0, 0, 1
65211, 1, 17, 2
65211, 0, 0, 1
65255, 1, 17, 2
65255, 0, 0, 1
65295, 1, 17, 2
65295, 0, 0, 1
65335, 1, 17, 2
65335, 0, 0, 1
65379, 1, 17, 2
65379, 0, 0, 1
65414, 4, 4, 458778
65414, 1, 17, 0
65414, 0, 0, 0
65911, 4, 4, 458774
65911, 1, 31, 1
65911, 0, 0, 0
65966, 4, 4, 458756
65966, 1, 30, 0
65966, 0, 0, 0
66362, 4, 4, 458774
66362, 1, 31, 0
66362, 0, 0, 0
66467, 4, 4, 458756
66467, 1, 30, 1
66467, 0, 0, 0
66718, 4, 4, 458778
66718, 1, 17, 1
66718, 0, 0, 0
66888, 4, 4, 458756
66888, 1, 30, 0
66888, 0, 0, 0
67560, 4, 4, 458756
67560, 1, 30, 1
67560, 0, 0, 0
67595, 4, 4, 458778
67595, 1, 17, 0
67595, 0, 0, 0
67915, 4, 4, 458778
67915, 1, 17, 1
67915, 0, 0, 0
68187, 1, 17, 2
68187, 0, 0, 1
68227, 1, 17, 2
68227, 0, 0, 1
68271, 1, 17, 2
68271, 0, 0, 1
68276, 4, 4, 458756
68276, 1, 30, 0
68276, 0, 0, 0
68382, 4, 4, 458759
68382, 1, 32, 1
68382, 0, 0, 0
68407, 4, 4, 458778
68407, 1, 17, 0
68407, 0, 0, 0
68547, 4, 4, 458774
68547, 1, 31, 1
68547, 0, 0, 0
68607, 4, 4, 458759
68607, 1, 32, 0
68607, 0, 0, 0
68943, 4, 4, 458774
68943, 1, 31, 0
68943, 0, 0, 0
69013, 4, 4, 458778
69013, 1, 17, 1
69013, 0, 0, 0
69063, 4, 4, 458759
69063, 1, 32, 1
69063, 0, 0, 0
69073, 4, 4, 458778
69073, 1, 17, 0
69073, 0, 0, 0
70141, 4, 4, 458774
70141, 1, 31, 1
70141, 0, 0, 0
70399, 1, 31, 2
70399, 0, 0, 1
70443, 1, 31, 2
70443, 0, 0, 1
70483, 1, 31, 2
70483, 0, 0, 1
70523, 1, 31, 2
70523, 0, 0, 1
70567, 1, 31, 2
70567, 0, 0, 1
70607, 1, 31, 2
70607, 0, 0, 1
70647, 1, 31, 2
70647, 0, 0, 1
70687, 1, 31, 2
70687, 0, 0, 1
70727, 1, 31, 2
70727, 0, 0, 1
70771, 1, 31, 2
70771, 0, 0, 1
70815, 1, 31, 2
70815, 0, 0, 1
70822, 4, 4, 458759
70822, 1, 32, 0
70822, 0, 0, 0
70923, 4, 4, 458774
70923, 1, 31, 0
70923, 0, 0, 0
71609, 4, 4, 458759
71609, 1, 32, 1
71609, 0, 0, 0
71867, 1, 32, 2
71867, 0, 0, 1
71907, 1, 32, 2
71907, 0, 0, 1
71951, 1, 32, 2
71951, 0, 0, 1
71960, 4, 4, 458756
71960, 1, 30, 1
71960, 0, 0, 0
72085, 4, 4, 458756
72085, 1, 30, 0
72085, 0, 0, 0
72196, 4, 4, 458759
72196, 1, 32, 0
72196, 0, 0, 0
72396, 4, 4, 458778
72396, 1, 17, 1
72396, 0, 0, 0
72617, 4, 4, 458778
72617, 1, 17, 0
72617, 0, 0, 0
73609, 4, 4, 458756
73609, 1, 30, 1
73609, 0, 0, 0
73883, 1, 30, 2
73883, 0, 0, 1
73923, 1, 30, 2
73923, 0, 0, 1
73963, 1, 30, 2
73963, 0, 0, 1
74007, 1, 30, 2
74007, 0, 0, 1
74010, 4, 4, 458756
74010, 1, 30, 0
74010, 0, 0, 0
74451, 4, 4, 458756
74451, 1, 30, 1
74451, 0, 0, 0
74711, 1, 30, 2
74711, 0, 0, 1
74751, 1, 30, 2
74751, 0, 0, 1
74791, 1, 30, 2
74791, 0, 0, 1
74831, 1, 30, 2
74831, 0, 0, 1
74857, 4, 4, 458778
74857, 1, 17, 1
74857, 0, 0, 0
75115, 1, 17, 2
75115, 0, 0, 1
75155, 1, 17, 2
75155, 0, 0, 1
75195, 1, 17, 2
75195, 0, 0, 1
75223, 4, 4, 458778
75223, 1, 17, 0
75223, 0, 0, 0
75935, 4, 4, 458778
75935, 1, 17, 1
75935, 0, 0, 0
76195, 1, 17, 2
76195, 0, 0, 1
76239, 1, 17, 2
76239, 0, 0, 1
76279, 1, 17, 2
76279, 0, 0, 1
76319, 1, 17, 2
76319, 0, 0, 1
76363, 1, 17, 2
76363, 0, 0, 1
76403, 1, 17, 2
76403, 0, 0, 1
76443, 1, 17, 2
76443, 0, 0, 1
76483, 1, 17, 2
76483, 0, 0, 1
76523, 1, 17, 2
76523, 0, 0, 1
76563, 1, 17, 2
76563, 0, 0, 1
76603, 1, 17, 2
76603, 0, 0, 1
76643, 1, 17, 2
76643, 0, 0, 1
76683, 1, 17, 2
76683, 0, 0, 1
76706, 4, 4, 458778
76706, 1, 17, 0
76706, 0, 0, 0
76716, 4, 4, 458756
76716, 1, 30, 0
76716, 0, 0, 0
82692, 4, 4, 458978
82692, 1, 56, 1
82692, 0, 0, 0
82832, 4, 4, 458795
82832, 1, 15, 1
82832, 0, 0, 0
82927, 4, 4, 458795
82927, 1, 15, 0
82927, 0, 0, 0
83739, 4, 4, 458978
83739, 1, 56, 0
83739, 0, 0, 0
87042, 4, 4, 458809
87042, 1, 58, 1
87042, 0, 0, 0
87295, 1, 58, 2
87295, 0, 0, 1
87335, 1, 58, 2
87335, 0, 0, 1
87375, 1, 58, 2
87375, 0, 0, 1
87415, 1, 58, 2
87415, 0, 0, 1
87455, 1, 58, 2
87455, 0, 0, 1
87499, 1, 58, 2
87499, 0, 0, 1
87539, 1, 58, 2
87539, 0, 0, 1
87579, 1, 58, 2
87579, 0, 0, 1
87619, 1, 58, 2
87619, 0, 0, 1
87659, 1, 58, 2
87659, 0, 0, 1
87699, 1, 58, 2
87699, 0, 0, 1
87739, 1, 58, 2
87739, 0, 0, 1
87779, 1, 58, 2
87779, 0, 0, 1
87819, 1, 58, 2
87819, 0, 0, 1
87859, 1, 58, 2
87859, 0, 0, 1
87899, 1, 58, 2
87899, 0, 0, 1
87943, 1, 58, 2
87943, 0, 0, 1
87983, 1, 58, 2
87983, 0, 0, 1
88023, 1, 58, 2
88023, 0, 0, 1
88063, 1, 58, 2
88063, 0, 0, 1
88103, 1, 58, 2
88103, 0, 0, 1
88147, 1, 58, 2
88147, 0, 0, 1
88187, 1, 58, 2
88187, 0, 0, 1
88227, 1, 58, 2
88227, 0, 0, 1
88267, 1, 58, 2
88267, 0, 0, 1
88307, 1, 58, 2
88307, 0, 0, 1
88351, 1, 58, 2
88351, 0, 0, 1
88391, 1, 58, 2
88391, 0, 0, 1
88435, 1, 58, 2
88435, 0, 0, 1
88475, 1, 58, 2
88475, 0, 0, 1
88519, 1, 58, 2
88519, 0, 0, 1
88559, 1, 58, 2
88559, 0, 0, 1
88599, 1, 58, 2
88599, 0, 0, 1
88616, 4, 4, 458758
88616, 1, 46, 1
88616, 0, 0, 0
